node   1  (   0,    0) (   0,    0) (   0,    0) (   0,    0) (   0,    0) (   0,    0) (   0,    0) (   0,    0) (   0,    0) (   0,    0)
          (   0,    0) (   0,    0) (   0,    0) (   0,    0) (   0,    0) (   0,    0) (   0,    0) (   0,    0) (   0,    0) (   0,    0)
          (   0,    0) (   0,    0) (   0,    0) (   0,    0) (   0,    0) (   0,    0) (   0,    0) (   0,    0) (   0,    0) (   0,    0)
          (   0,    0) (   0,    0) (   0,    0) (   0,    0) (   0,    0) (   0,    0) (   0,    0) (   0,    0) (   0,    0) (   0,    0)
          (   0,    0) (   0,    0) (   0,    0) (   0,    0) (   0,    0) (   0,    0) (   0,    0) (   0,    0) (   0,    0) (   0,    0)
          (   0,    0) (   0,    0) (   0,    0) (   0,    0) (   0,    0) (   0,    0) (   0,    0) (   0,    0) (   0,    0) (   0,    0)
          (   0,    0) (   0,    0) (   0,    0) (   0,    0) (   0,    0) (   0,    0) (   0,    0) (   0,    0) (   0,    0) (   0,    0)
          (   0,    0) (   0,    0) (   0,    0) (   0,    0) (   0,    0) (   0,    0) (   0,    0) (   0,    0) (   0,    0) (   0,    0)
          (   0,    0) (   0,    0) (   0,    0) (   0,    0) (   0,    0) (   0,    0) (   0,    0) (   0,    0) (   0,    0) (   0,    0)
          (   0,    0) (   0,    0) (   0,    0) (   0,    0) (   0,    0) (   0,    0) (   0,    0) (   0,    0) (   0,    0) (   0,    0)
          (  21,    0) (  33,   33) (   0,   21) (   0,    0) (   0,    0) (   0,    0) (   0,    0) (   0,    0) (   0,    0) (   0,    0)
          (   0,    0) (   0,    0) (   0,    0) (   0,    0) (   0,    0) (   0,    0) (   0,    0) (   0,    0) (   0,    0) (   0,    0)
          (   0,    0) (   0,    0) (   0,    0) (   0,    0) (   0,    0) (   0,    0) (   0,    0) (   0,    0) (   0,    0) (   0,    0)
          (   0,    0) (   0,    0) (   0,    0) (   0,    0) (   0,    0) (   0,    0) (   0,    0) (   0,    0) (   0,    0) (   0,    0)
          (   0,    0) (   0,    0) (   0,    0) (   0,    0) (   0,    0) (   0,    0) (   0,    0) (   0,    0) (   0,    0) (   0,    0)
          (   0,    0) (   1,    1) (   0,    0) (   0,    0) (   0,    0) (   0,    0) (   0,    0) (   0,    0) (   0,    0) (   0,    0)
          (   0,    0) (   0,    0) (   0,    0) (   0,    0) (   0,    0) (   0,    0) (   0,    0) (   0,    0) (   0,    0) (   0,    0)
          (   0,    0) (   0,    0) (   0,    0) (   0,    0) (   0,    0) (   0,    0) (   1,    1) (   0,    0) (   0,    0) (   0,    0)
          (   0,    0) (   0,    0) (   0,    0) (   0,    0) (   0,    0) (   0,    0) (   0,    0) (   0,    0) (   0,    0) (   0,    0)
          (   0,    0) (   0,    0) (   0,    0) (   0,    0) (   0,    0) (   0,    0) (   0,    0) (   8,    0) (   0,    0) (   0,    0)
          (   0,    0) (   0,    0) (   0,    0) (   0,    0) (   0,    0) (   0,    0) (   0,    0) (   0,    0) (   0,    0) (   0,    0)
          (   0,    0) (   0,    0) (   0,    0) (   0,    0) (   0,    0) (   0,    0) (   0,    0) (   0,    0) (   0,    0) (   0,    0)
          (   0,    0) (   0,    0) (   0,    0) (   0,    0) (   0,    0) (   0,    0) (   1,    1) (   0,    0) (   0,    0) (   0,    0)
          (   0,    0) (   0,    0) (   0,    0) (   0,    0) (   0,    0) (   0,    0) (   0,    0) (   0,    0) (   0,    0) (   0,    0)
          (   0,    0) (   0,    0) (   0,    0) (   0,    0) (   0,    0) (   0,    0) (   0,    0) (   0,    0) (   8,    0) (   0,    0)
          (   8,    0) (   0,    0) (   0,    0) (   0,    0) (   0,    0) (   0,    0) (   0,    0) (   0,    0) (   0,    0) (   0,    0)
          (   0,    0) (   0,    0) (   0,    0) (   0,    0) (   0,    0) (   0,    0) (   0,    0) (   0,    0) (   0,    0) (   0,    0)
          (   0,    0) (   0,    0) (   0,    0) (   0,    0) (   0,    0) (   0,    0) (   1,    1) (   0,    0) (   0,    0) (   0,    0)
          (   0,    0) (   0,    0) (   0,    0) (   0,    0) (   0,    0) (   0,    0) (   1,    1) (   0,    0) (   0,    0) (   0,    0)
          (   0,    0) (   0,    0) (   0,    0) (   0,    0) (   0,    0) (   0,    0) (   0,    0) (   0,    0) (   0,    0) (   0,    0)
          (   0,    0) (   0,    0) (   0,    0) (   0,    0) (   0,    0) (   0,    0) (   0,    0) (   0,    0) (   0,    0) (   0,    0)
          (   0,    9) (   0,    0) (   0,    0) (   0,    0) (   0,    0) (   0,    0) (   0,    0) (   0,    0) (   0,    0) (   0,    0)
          (   0,    0) (   0,    0) (   0,    0) (   0,    0) (   0,    0) (   0,    0) (   0,    0) (   0,    0) (   0,    0) (   0,    0)
          (   0,    0) (   0,    0) (   0,    0) (   0,    0) (   0,    0) (   0,    0) (   0,    0) (   0,    0) (   0,    0) (   0,    0)
          (   0,    0) (   0,    0) (   0,    0) (   0,    0) (   0,    0) (   0,    0) (   0,    0) (   0,    0) (   0,    0) (   0,    0)
          (   0,    0) (   0,    0) (   0,    0) (   0,    0) (   0,    0) (   0,    0) (   0,    0) (   0,    0) (   0,    0) (   0,    0)
          (   0,    0) (   0,    0) (   0,    0) (   0,    0) (   0,    0) (   0,    0) (   0,    0) (   0,    0) (   0,    0) (   0,    0)
          (   0,    0) (   0,    0) (   0,    0) (   0,    0) (   0,    0) (   0,    0) (   0,    0) (   0,    0) (   0,    0) (   0,    0)
          (   0,    0) (   0,    0) (   0,    0) (   0,    0) (   0,    0) (   0,    0) (   0,    0) (   0,    0) (   0,    0) (   0,    0)
          (   0,    0) (   0,    0) (   0,    0) (   0,    0) (   0,    0) (   0,    0) (   0,    0) (   0,    0) (   0,    0) (   0,    0)
          (   0,    0) (   0,    0) (   0,    0) (   0,    0) (   0,    0) (   0,    0) (   0,    0) (   0,    0) (   0,    0) (   0,    0)
          (   0,    0) (   0,    0) (   0,    0) (   0,    0) (   0,    0) (   0,    0) (   0,    0) (   0,    0) (   0,    0) (   0,    0)
          (   0,    0) (   0,    0) (   0,    0) (   0,    0) (   0,    0) (   0,    0) (   0,    0) (   0,    0) (   0,    0) (   0,    0)
          (   0,    0) (   0,    0) (   0,    0) (   0,    0) (   0,    0) (   0,    0) (   0,    0) (   0,    0) (   0,    0) (   0,    0)
          (   0,    0) (   0,    0) (   0,    0) (   0,    0) (   0,    0) (   0,    0) (   0,    0) (   0,    0) (   0,    0) (   0,    0)
          (   0,    0) (   0,    0) (   0,    0) (   0,    0) (   0,    0) (   0,    0) (   0,    0) (   0,    0) (   0,    0) (   0,    0)
          (   0,    0) (   0,    0) (   0,    0) (   0,    0) (   0,    0) (   0,    0) (   0,    0) (   0,    0) (   0,    0) (   0,    0)
          (   0,    0) (   0,    0) (   0,    0) (   0,    0) (   0,    0) (   0,    0) (   0,    0) (   0,    0) (   0,    0) (   0,    0)
          (   0,    0) (   0,    0) (   0,    0) (   0,    0) (   0,    0) (   0,    0) (   0,    0) (   0,    0) (   0,    0) (   0,    0)
          (   0,    0) (   0,    0) (   0,    0) (   0,    0) (   0,    0) (   0,    0) (   0,    0) (   0,    0) (   0,    0) (   0,    0)
          (   0,    0) (   0,    0) (   0,    0) (   0,    0) (   0,    0) (   0,    0) (   0,    0) (   0,    0) (   0,    0) (   0,    0)
          (   0,    0) (   0,    0) (   0,    0) (   0,    0) (   0,    0) (   0,    0) (   0,    0) (   0,    0) (   0,    0) (   0,    0)
          (   0,    0) (   0,    0) (   0,    0) (   0,    0) (   0,    0) (   0,    0) (   0,    0) (   0,    0) (   0,    0) (   0,    0)
          (   0,    0) (   0,    0) (   0,    0) (   0,    0) (   0,    0) (   0,    0) (   0,    0) (   0,    0) (   0,    0) (   0,    0)
          (   0,    0) (   0,    0) (   0,    0) (   0,    0) (   0,    0) (   0,    0) (   0,    0) (   0,    0) (   0,    0) (   0,    0)
          (   0,    0) (   0,    0) (   0,    0) (   0,    0) (   0,    0) (   0,    0) (   0,    0) (   0,    0) (   0,    0) (   0,    0)
          (   0,    0) (   0,    0) (   0,    0) (   0,    0) (   0,    0) (   0,    0) (   0,    0) (   0,    0) (   0,    0) (   0,    0)
          (   0,    0) (   0,    0) (   0,    0) (   0,    0) (   0,    0) (   0,    0) (   0,    0) (   0,    0) (   0,    0) (   0,    0)
          (   0,    0) (   0,    0) (   0,    0) (   0,    0) (   0,    0) (   0,    0) (   0,    0) (   0,    0) (   0,    0) (   0,    0)
          (   0,    0) (   0,    0) (   0,    0) (   0,    0) (   0,    0) (   0,    0) (   0,    0) (   0,    0) (   0,    0) (   0,    0)
          (   0,    0) (   0,    0) (   0,    0) (   0,    0) (   0,    0) (   0,    0) (   0,    0) (   0,    0) (   0,    0) (   0,    0)
          (   0,    0) (   0,    0) (   0,    0) (   0,    0) (   0,    0) (   0,    0) (   0,    0) (   0,    0) (   0,    0) (   0,    0)
          (   0,    0) (   0,    0) (   0,    0) (   0,    0) (   0,    0) (   0,    0) (   0,    0) (   0,    0) (   0,    0) (   0,    0)
          (   0,    0) (   0,    0) (   0,    0) (   0,    0) (   0,    0) (   0,    0) (   0,    0) (   0,    0) (   0,    0) (   0,    0)
          (   0,    0) (   0,    0) (   0,    0) (   0,    0) (   0,    0) (   0,    0) (   0,    0) (   0,    0) (   0,    0) (   0,    0)
          (   0,    0) (   0,    0) (   0,    0) (   0,    0) (   0,    0) (   0,    0) (   0,    0) (   0,    0) (   0,    0) (   0,    0)
          (   0,    0) (   0,    0) (   0,    0) (   0,    0) (   0,    0) (   0,    0) (   0,    0) (   0,    0) (   0,    0) (   0,    0)
          (   0,    0) (   0,    0) (   0,    0) (   0,    0) (   0,    0) (   0,    0) (   0,    0) (   0,    0) (   0,    0) (   0,    0)
          (   0,    0) (   0,    0) (   0,    0) (   0,    0) (   0,    0) (   0,    0) (   0,    0) (   0,    0) (   0,    0) (   0,    0)
          (   0,    0) (   0,    0) (   0,    0) (   0,    0) (   0,    0) (   0,    0) (   0,    0) (   0,    0) (   0,    0) (   0,    0)
         
node   1 sent_total     83  recv_total     68

node   2  (   0,    0) (   0,    0) (   0,    0) (   0,    0) (   0,    0) (   0,    0) (   0,    0) (   0,    0) (   0,    0) (   0,    0)
          (   0,    0) (   0,    0) (   0,    0) (   0,    0) (   0,    0) (   0,    0) (   0,    0) (   0,    0) (   0,    0) (   0,    0)
          (   0,    0) (   0,    0) (   0,    0) (   0,    0) (   0,    0) (   0,    0) (   0,    0) (   0,    0) (   0,    0) (   0,    0)
          (   0,    0) (   0,    0) (   0,    0) (   0,    0) (   0,    0) (   0,    0) (   0,    0) (   0,    0) (   0,    0) (   0,    0)
          (   0,    0) (   0,    0) (   0,    0) (   0,    0) (   0,    0) (   0,    0) (   0,    0) (   0,    0) (   0,    0) (   0,    0)
          (   0,    0) (   0,    0) (   0,    0) (   0,    0) (   0,    0) (   0,    0) (   0,    0) (   0,    0) (   0,    0) (   0,    0)
          (   0,    0) (   0,    0) (   0,    0) (   0,    0) (   0,    0) (   0,    0) (   0,    0) (   0,    0) (   0,    0) (   0,    0)
          (   0,    0) (   0,    0) (   0,    0) (   0,    0) (   0,    0) (   0,    0) (   0,    0) (   0,    0) (   0,    0) (   0,    0)
          (   0,    0) (   0,    0) (   0,    0) (   0,    0) (   0,    0) (   0,    0) (   0,    0) (   0,    0) (   0,    0) (   0,    0)
          (   0,    0) (   0,    0) (   0,    0) (   0,    0) (   0,    0) (   0,    0) (   0,    0) (   0,    0) (   0,    0) (   0,    0)
          (  36,    0) (  31,   31) (   0,   36) (   0,    0) (   0,    0) (   0,    0) (   0,    0) (   0,    0) (   0,    0) (   0,    0)
          (   0,    0) (   0,    0) (   0,    0) (   0,    0) (   0,    0) (   0,    0) (   0,    0) (   0,    0) (   0,    0) (   0,    0)
          (   0,    0) (   0,    0) (   0,    0) (   0,    0) (   0,    0) (   0,    0) (   0,    0) (   0,    0) (   0,    0) (   0,    0)
          (   0,    0) (   0,    0) (   0,    0) (   0,    0) (   0,    0) (   0,    0) (   0,    0) (   0,    0) (   0,    0) (   0,    0)
          (   0,    0) (   0,    0) (   0,    0) (   0,    0) (   0,    0) (   0,    0) (   0,    0) (   0,    0) (   0,    0) (   0,    0)
          (   0,    0) (   1,    1) (   0,    0) (   0,    0) (   0,    0) (   0,    0) (   0,    0) (   0,    0) (   0,    0) (   0,    0)
          (   0,    0) (   0,    0) (   0,    0) (   0,    0) (   0,    0) (   0,    0) (   0,    0) (   0,    0) (   0,    0) (   0,    0)
          (   0,    0) (   0,    0) (   0,    0) (   0,    0) (   0,    0) (   0,    0) (   0,    0) (   0,    0) (   0,    0) (   0,    0)
          (   0,    0) (   0,    0) (   0,    0) (   0,    0) (   0,    0) (   0,    0) (   0,    0) (   0,    0) (   0,    0) (   0,    0)
          (   0,    0) (   0,    0) (   0,    0) (   0,    0) (   0,    0) (   0,    0) (   0,    0) (   0,    0) (   0,    0) (   0,    0)
          (   0,    0) (   0,    0) (   0,    0) (   0,    0) (   0,    0) (   0,    0) (   0,    0) (   0,    0) (   0,    0) (   0,    0)
          (   0,    0) (   0,    0) (   0,    0) (   0,    0) (   0,    0) (   0,    0) (   0,    0) (   0,    0) (   0,    0) (   0,    0)
          (   0,    0) (   0,    0) (   0,    0) (   0,    0) (   0,    0) (   0,    0) (   0,    0) (   0,    0) (   0,    0) (   0,    0)
          (   0,    0) (   0,    0) (   0,    0) (   0,    0) (   0,    0) (   0,    0) (   0,    0) (   0,    0) (   0,    0) (   0,    0)
          (   0,    0) (   0,    0) (   0,    0) (   0,    0) (   0,    0) (   0,    0) (   0,    0) (   0,    0) (   0,    0) (   0,    0)
          (   0,    0) (   0,    0) (   0,    0) (   0,    0) (   0,    0) (   0,    0) (   0,    0) (   0,    0) (   0,    0) (   0,    0)
          (   0,    0) (   0,    0) (   0,    0) (   0,    0) (   0,    0) (   0,    0) (   0,    0) (   0,    0) (   0,    0) (   0,    0)
          (   0,    0) (   0,    0) (   0,    0) (   0,    0) (   0,    0) (   0,    0) (   0,    0) (   0,    0) (   0,    0) (   0,    0)
          (   0,    0) (   0,    0) (   0,    0) (   0,    0) (   0,    0) (   0,    0) (   0,    0) (   0,    0) (   0,    0) (   0,    0)
          (   0,    0) (   0,    0) (   0,    0) (   0,    0) (   0,    0) (   0,    0) (   0,    0) (   0,    0) (   0,    0) (   0,    0)
          (   0,    0) (   0,    0) (   0,    0) (   0,    0) (   0,    0) (   0,    0) (   0,    0) (   0,    0) (   0,    0) (   0,    0)
          (   0,    0) (   0,    0) (   0,    0) (   0,    0) (   0,    0) (   0,    0) (   0,    0) (   0,    0) (   0,    0) (   0,    0)
          (   0,    0) (   0,    0) (   0,    0) (   0,    0) (   0,    0) (   0,    0) (   0,    0) (   0,    0) (   0,    0) (   0,    0)
          (   0,    0) (   0,    0) (   0,    0) (   0,    0) (   0,    0) (   0,    0) (   0,    0) (   0,    0) (   0,    0) (   0,    0)
          (   0,    0) (   0,    0) (   0,    0) (   0,    0) (   0,    0) (   0,    0) (   0,    0) (   0,    0) (   0,    0) (   0,    0)
          (   0,    0) (   0,    0) (   0,    0) (   0,    0) (   0,    0) (   0,    0) (   0,    0) (   0,    0) (   0,    0) (   0,    0)
          (   0,    0) (   0,    0) (   0,    0) (   0,    0) (   0,    0) (   0,    0) (   0,    0) (   0,    0) (   0,    0) (   0,    0)
          (   0,    0) (   0,    0) (   0,    0) (   0,    0) (   0,    0) (   0,    0) (   0,    0) (   0,    0) (   0,    0) (   0,    0)
          (   0,    0) (   0,    0) (   0,    0) (   0,    0) (   0,    0) (   0,    0) (   0,    0) (   0,    0) (   0,    0) (   0,    0)
          (   0,    0) (   0,    0) (   0,    0) (   0,    0) (   0,    0) (   0,    0) (   0,    0) (   0,    0) (   0,    0) (   0,    0)
          (   0,    0) (   0,    0) (   0,    0) (   0,    0) (   0,    0) (   0,    0) (   0,    0) (   0,    0) (   0,    0) (   0,    0)
          (   0,    0) (   0,    0) (   0,    0) (   0,    0) (   0,    0) (   0,    0) (   0,    0) (   0,    0) (   0,    0) (   0,    0)
          (   0,    0) (   0,    0) (   0,    0) (   0,    0) (   0,    0) (   0,    0) (   0,    0) (   0,    0) (   0,    0) (   0,    0)
          (   0,    0) (   0,    0) (   0,    0) (   0,    0) (   0,    0) (   0,    0) (   0,    0) (   0,    0) (   0,    0) (   0,    0)
          (   0,    0) (   0,    0) (   0,    0) (   0,    0) (   0,    0) (   0,    0) (   0,    0) (   0,    0) (   0,    0) (   0,    0)
          (   0,    0) (   0,    0) (   0,    0) (   0,    0) (   0,    0) (   0,    0) (   0,    0) (   0,    0) (   0,    0) (   0,    0)
          (   0,    0) (   0,    0) (   0,    0) (   0,    0) (   0,    0) (   0,    0) (   0,    0) (   0,    0) (   0,    0) (   0,    0)
          (   0,    0) (   0,    0) (   0,    0) (   0,    0) (   0,    0) (   0,    0) (   0,    0) (   0,    0) (   0,    0) (   0,    0)
          (   0,    0) (   0,    0) (   0,    0) (   0,    0) (   0,    0) (   0,    0) (   0,    0) (   0,    0) (   0,    0) (   0,    0)
          (   0,    0) (   0,    0) (   0,    0) (   0,    0) (   0,    0) (   0,    0) (   0,    0) (   0,    0) (   0,    0) (   0,    0)
          (   0,    0) (   0,    0) (   0,    0) (   0,    0) (   0,    0) (   0,    0) (   0,    0) (   0,    0) (   0,    0) (   0,    0)
          (   0,    0) (   0,    0) (   0,    0) (   0,    0) (   0,    0) (   0,    0) (   0,    0) (   0,    0) (   0,    0) (   0,    0)
          (   0,    0) (   0,    0) (   0,    0) (   0,    0) (   0,    0) (   0,    0) (   0,    0) (   0,    0) (   0,    0) (   0,    0)
          (   0,    0) (   0,    0) (   0,    0) (   0,    0) (   0,    0) (   0,    0) (   0,    0) (   0,    0) (   0,    0) (   0,    0)
          (   0,    0) (   0,    0) (   0,    0) (   0,    0) (   0,    0) (   0,    0) (   0,    0) (   0,    0) (   0,    0) (   0,    0)
          (   0,    0) (   0,    0) (   0,    0) (   0,    0) (   0,    0) (   0,    0) (   0,    0) (   0,    0) (   0,    0) (   0,    0)
          (   0,    0) (   0,    0) (   0,    0) (   0,    0) (   0,    0) (   0,    0) (   0,    0) (   0,    0) (   0,    0) (   0,    0)
          (   0,    0) (   0,    0) (   0,    0) (   0,    0) (   0,    0) (   0,    0) (   0,    0) (   0,    0) (   0,    0) (   0,    0)
          (   0,    0) (   0,    0) (   0,    0) (   0,    0) (   0,    0) (   0,    0) (   0,    0) (   0,    0) (   0,    0) (   0,    0)
          (   0,    0) (   0,    0) (   0,    0) (   0,    0) (   0,    0) (   0,    0) (   0,    0) (   0,    0) (   0,    0) (   0,    0)
          (   0,    0) (   0,    0) (   0,    0) (   0,    0) (   0,    0) (   0,    0) (   0,    0) (   0,    0) (   0,    0) (   0,    0)
          (   0,    0) (   0,    0) (   0,    0) (   0,    0) (   0,    0) (   0,    0) (   0,    0) (   0,    0) (   0,    0) (   0,    0)
          (   0,    0) (   0,    0) (   0,    0) (   0,    0) (   0,    0) (   0,    0) (   0,    0) (   0,    0) (   0,    0) (   0,    0)
          (   0,    0) (   0,    0) (   0,    0) (   0,    0) (   0,    0) (   0,    0) (   0,    0) (   0,    0) (   0,    0) (   0,    0)
          (   0,    0) (   0,    0) (   0,    0) (   0,    0) (   0,    0) (   0,    0) (   0,    0) (   0,    0) (   0,    0) (   0,    0)
          (   0,    0) (   0,    0) (   0,    0) (   0,    0) (   0,    0) (   0,    0) (   0,    0) (   0,    0) (   0,    0) (   0,    0)
          (   0,    0) (   0,    0) (   0,    0) (   0,    0) (   0,    0) (   0,    0) (   0,    0) (   0,    0) (   0,    0) (   0,    0)
          (   0,    0) (   0,    0) (   0,    0) (   0,    0) (   0,    0) (   0,    0) (   0,    0) (   0,    0) (   0,    0) (   0,    0)
          (   0,    0) (   0,    0) (   0,    0) (   0,    0) (   0,    0) (   0,    0) (   0,    0) (   0,    0) (   0,    0) (   0,    0)
          (   0,    0) (   0,    0) (   0,    0) (   0,    0) (   0,    0) (   0,    0) (   0,    0) (   0,    0) (   0,    0) (   0,    0)
         
node   2 sent_total     68  recv_total     68

node   3  (   0,    0) (   0,    0) (   0,    0) (   0,    0) (   0,    0) (   0,    0) (   0,    0) (   0,    0) (   0,    0) (   0,    0)
          (   0,    0) (   0,    0) (   0,    0) (   0,    0) (   0,    0) (   0,    0) (   0,    0) (   0,    0) (   0,    0) (   0,    0)
          (   0,    0) (   0,    0) (   0,    0) (   0,    0) (   0,    0) (   0,    0) (   0,    0) (   0,    0) (   0,    0) (   0,    0)
          (   0,    0) (   0,    0) (   0,    0) (   0,    0) (   0,    0) (   0,    0) (   0,    0) (   0,    0) (   0,    0) (   0,    0)
          (   0,    0) (   0,    0) (   0,    0) (   0,    0) (   0,    0) (   0,    0) (   0,    0) (   0,    0) (   0,    0) (   0,    0)
          (   0,    0) (   0,    0) (   0,    0) (   0,    0) (   0,    0) (   0,    0) (   0,    0) (   0,    0) (   0,    0) (   0,    0)
          (   0,    0) (   0,    0) (   0,    0) (   0,    0) (   0,    0) (   0,    0) (   0,    0) (   0,    0) (   0,    0) (   0,    0)
          (   0,    0) (   0,    0) (   0,    0) (   0,    0) (   0,    0) (   0,    0) (   0,    0) (   0,    0) (   0,    0) (   0,    0)
          (   0,    0) (   0,    0) (   0,    0) (   0,    0) (   0,    0) (   0,    0) (   0,    0) (   0,    0) (   0,    0) (   0,    0)
          (   0,    0) (   0,    0) (   0,    0) (   0,    0) (   0,    0) (   0,    0) (   0,    0) (   0,    0) (   0,    0) (   0,    0)
          (  21,    0) (  25,   25) (   0,   21) (   0,   10) (   0,   10) (   0,   10) (   0,   10) (   0,   10) (   0,   10) (   0,   10)
          (   0,   10) (   0,   10) (   0,   10) (   0,   10) (   0,   10) (   0,   10) (   0,   10) (   0,   10) (   0,   10) (   0,   10)
          (   0,   10) (   0,   10) (   0,   10) (   0,   10) (   0,   10) (   0,   10) (   0,   10) (   0,   10) (   0,   10) (   0,   10)
          (   0,   10) (   0,   10) (   0,   10) (   0,   10) (   0,   10) (   0,   10) (   0,   10) (   0,   10) (   0,   10) (   0,   10)
          (   0,   10) (   0,   10) (   0,   10) (   0,   10) (   0,   10) (   0,   10) (   0,   10) (   0,   10) (   0,   10) (   0,   10)
          (   0,   10) (   0,   10) (   0,   10) (   0,   10) (   0,   10) (   0,   10) (   0,   10) (   0,   10) (   0,   10) (   0,   10)
          (   0,   10) (   0,   10) (   0,   10) (   0,   10) (   0,   10) (   0,   10) (   0,   10) (   0,   10) (   0,   10) (   0,   10)
          (   0,   10) (   0,   10) (   0,   10) (   0,   10) (   0,   10) (   0,   10) (   0,   10) (   0,   10) (   0,   10) (   0,   10)
          (   0,   10) (   0,   10) (   0,   10) (   0,   10) (   0,   10) (   0,   10) (   0,   10) (   0,   10) (   0,   10) (   0,   10)
          (   0,   10) (   0,   10) (   0,   10) (   0,   10) (   0,   10) (   0,   10) (   0,   10) (   0,   10) (   0,   10) (   0,   10)
          (   0,   10) (   0,   10) (   0,   10) (   0,   10) (   0,   10) (   0,   10) (   0,   10) (   0,   10) (   0,   10) (   0,   10)
          (   0,   10) (   0,   10) (   0,   10) (   0,   10) (   0,   10) (   0,   10) (   0,   10) (   0,   10) (   0,   10) (   0,   10)
          (   0,   10) (   0,   10) (   0,   10) (   0,   10) (   0,   10) (   0,   10) (   0,   10) (   0,   10) (   0,   10) (   0,   10)
          (   0,   10) (   0,   10) (   0,   10) (   0,   10) (   0,   10) (   0,   10) (   0,   10) (   0,   10) (   0,   10) (   0,   10)
          (   0,   10) (   0,   10) (   0,   10) (   0,   10) (   0,   10) (   0,   10) (   0,   10) (   0,   10) (   0,   10) (   0,   10)
          (   0,   10) (   0,   10) (   0,   10) (   0,   10) (   0,   10) (   0,   10) (   0,   10) (   0,   10) (   0,   10) (   0,   10)
          (   0,   10) (   0,   10) (   0,   10) (   0,   10) (   0,   10) (   0,   10) (   0,   10) (   0,   10) (   0,   10) (   0,   10)
          (   0,   10) (   0,   10) (   0,   10) (   0,   10) (   0,   10) (   0,   10) (   0,   10) (   0,   10) (   0,   10) (   0,   10)
          (   0,   10) (   0,   10) (   0,   10) (   0,   10) (   0,   10) (   0,   10) (   0,    0) (   0,    0) (   0,    0) (   0,    0)
          (   0,    0) (   0,    0) (   0,    0) (   0,    0) (   0,    0) (   0,    0) (   0,    0) (   0,    0) (   0,    0) (   0,    0)
          (   0,    0) (   0,    0) (   0,    0) (   0,    0) (   0,    0) (   0,    0) (   0,    0) (   0,    0) (   0,    0) (   0,    0)
          (   0,    0) (   0,    0) (   0,    0) (   0,    0) (   0,    0) (   0,    0) (   0,    0) (   0,    0) (   0,    0) (   0,    0)
          (   0,    0) (   0,    0) (   0,    0) (   0,    0) (   0,    0) (   0,    0) (   0,    0) (   0,    0) (   0,    0) (   0,    0)
          (   0,    0) (   0,    0) (   0,    0) (   0,    0) (   0,    0) (   0,    0) (   0,    0) (   0,    0) (   0,    0) (   0,    0)
          (   0,    0) (   0,    0) (   0,    0) (   0,    0) (   0,    0) (   0,    0) (   0,    0) (   0,    0) (   0,    0) (   0,    0)
          (   0,    0) (   0,    0) (   0,    0) (   0,    0) (   0,    0) (   0,    0) (   0,    0) (   0,    0) (   0,    0) (   0,    0)
          (   0,    0) (   0,    0) (   0,    0) (   0,    0) (   0,    0) (   0,    0) (   0,    0) (   0,    0) (   0,    0) (   0,    0)
          (   0,    0) (   0,    0) (   0,    0) (   0,    0) (   0,    0) (   0,    0) (   0,    0) (   0,    0) (   0,    0) (   0,    0)
          (   0,    0) (   0,    0) (   0,    0) (   0,    0) (   0,    0) (   0,    0) (   0,    0) (   0,    0) (   0,    0) (   0,    0)
          (   0,    0) (   0,    0) (   0,    0) (   0,    0) (   0,    0) (   0,    0) (   0,    0) (   0,    0) (   0,    0) (   0,    0)
          (   0,    0) (   0,    0) (   0,    0) (   0,    0) (   0,    0) (   0,    0) (   0,    0) (   0,    0) (   0,    0) (   0,    0)
          (   0,    0) (   0,    0) (   0,    0) (   0,    0) (   0,    0) (   0,    0) (   0,    0) (   0,    0) (   0,    0) (   0,    0)
          (   0,    0) (   0,    0) (   0,    0) (   0,    0) (   0,    0) (   0,    0) (   0,    0) (   0,    0) (   0,    0) (   0,    0)
          (   0,    0) (   0,    0) (   0,    0) (   0,    0) (   0,    0) (   0,    0) (   0,    0) (   0,    0) (   0,    0) (   0,    0)
          (   0,    0) (   0,    0) (   0,    0) (   0,    0) (   0,    0) (   0,    0) (   0,    0) (   0,    0) (   0,    0) (   0,    0)
          (   0,    0) (   0,    0) (   0,    0) (   0,    0) (   0,    0) (   0,    0) (   0,    0) (   0,    0) (   0,    0) (   0,    0)
          (   0,    0) (   0,    0) (   0,    0) (   0,    0) (   0,    0) (   0,    0) (   0,    0) (   0,    0) (   0,    0) (   0,    0)
          (   0,    0) (   0,    0) (   0,    0) (   0,    0) (   0,    0) (   0,    0) (   0,    0) (   0,    0) (   0,    0) (   0,    0)
          (   0,    0) (   0,    0) (   0,    0) (   0,    0) (   0,    0) (   0,    0) (   0,    0) (   0,    0) (   0,    0) (   0,    0)
          (   0,    0) (   0,    0) (   0,    0) (   0,    0) (   0,    0) (   0,    0) (   0,    0) (   0,    0) (   0,    0) (   0,    0)
          (   0,    0) (   0,    0) (   0,    0) (   0,    0) (   0,    0) (   0,    0) (   0,    0) (   0,    0) (   0,    0) (   0,    0)
          (   0,    0) (   0,    0) (   0,    0) (   0,    0) (   0,    0) (   0,    0) (   0,    0) (   0,    0) (   0,    0) (   0,    0)
          (   0,    0) (   0,    0) (   0,    0) (   0,    0) (   0,    0) (   0,    0) (   0,    0) (   0,    0) (   0,    0) (   0,    0)
          (   0,    0) (   0,    0) (   0,    0) (   0,    0) (   0,    0) (   0,    0) (   0,    0) (   0,    0) (   0,    0) (   0,    0)
          (   0,    0) (   0,    0) (   0,    0) (   0,    0) (   0,    0) (   0,    0) (   0,    0) (   0,    0) (   0,    0) (   0,    0)
          (   0,    0) (   0,    0) (   0,    0) (   0,    0) (   0,    0) (   0,    0) (   0,    0) (   0,    0) (   0,    0) (   0,    0)
          (   0,    0) (   0,    0) (   0,    0) (   0,    0) (   0,    0) (   0,    0) (   0,    0) (   0,    0) (   0,    0) (   0,    0)
          (   0,    0) (   0,    0) (   0,    0) (   0,    0) (   0,    0) (   0,    0) (   0,    0) (   0,    0) (   0,    0) (   0,    0)
          (   0,    0) (   0,    0) (   0,    0) (   0,    0) (   0,    0) (   0,    0) (   0,    0) (   0,    0) (   0,    0) (   0,    0)
          (   0,    0) (   0,    0) (   0,    0) (   0,    0) (   0,    0) (   0,    0) (   0,    0) (   0,    0) (   0,    0) (   0,    0)
          (   0,    0) (   0,    0) (   0,    0) (   0,    0) (   0,    0) (   0,    0) (   0,    0) (   0,    0) (   0,    0) (   0,    0)
          (   0,    0) (   0,    0) (   0,    0) (   0,    0) (   0,    0) (   0,    0) (   0,    0) (   0,    0) (   0,    0) (   0,    0)
          (   0,    0) (   0,    0) (   0,    0) (   0,    0) (   0,    0) (   0,    0) (   0,    0) (   0,    0) (   0,    0) (   0,    0)
          (   0,    0) (   0,    0) (   0,    0) (   0,    0) (   0,    0) (   0,    0) (   0,    0) (   0,    0) (   0,    0) (   0,    0)
          (   0,    0) (   0,    0) (   0,    0) (   0,    0) (   0,    0) (   0,    0) (   0,    0) (   0,    0) (   0,    0) (   0,    0)
          (   0,    0) (   0,    0) (   0,    0) (   0,    0) (   0,    0) (   0,    0) (   0,    0) (   0,    0) (   0,    0) (   0,    0)
          (   0,    0) (   0,    0) (   0,    0) (   0,    0) (   0,    0) (   0,    0) (   0,    0) (   0,    0) (   0,    0) (   0,    0)
          (   0,    0) (   0,    0) (   0,    0) (   0,    0) (   0,    0) (   0,    0) (   0,    0) (   0,    0) (   0,    0) (   0,    0)
          (   0,    0) (   0,    0) (   0,    0) (   0,    0) (   0,    0) (   0,    0) (   0,    0) (   0,    0) (   0,    0) (   0,    0)
          (   0,    0) (   0,    0) (   0,    0) (   0,    0) (   0,    0) (   0,    0) (   0,    0) (   0,    0) (   0,    0) (   0,    0)
         
node   3 sent_total     46  recv_total   1876

node   4  (   0,    0) (   0,    0) (   0,    0) (   0,    0) (   0,    0) (   0,    0) (   0,    0) (   0,    0) (   0,    0) (   0,    0)
          (   0,    0) (   0,    0) (   0,    0) (   0,    0) (   0,    0) (   0,    0) (   0,    0) (   0,    0) (   0,    0) (   0,    0)
          (   0,    0) (   0,    0) (   0,    0) (   0,    0) (   0,    0) (   0,    0) (   0,    0) (   0,    0) (   0,    0) (   0,    0)
          (   0,    0) (   0,    0) (   0,    0) (   0,    0) (   0,    0) (   0,    0) (   0,    0) (   0,    0) (   0,    0) (   0,    0)
          (   0,    0) (   0,    0) (   0,    0) (   0,    0) (   0,    0) (   0,    0) (   0,    0) (   0,    0) (   0,    0) (   0,    0)
          (   0,    0) (   0,    0) (   0,    0) (   0,    0) (   0,    0) (   0,    0) (   0,    0) (   0,    0) (   0,    0) (   0,    0)
          (   0,    0) (   0,    0) (   0,    0) (   0,    0) (   0,    0) (   0,    0) (   0,    0) (   0,    0) (   0,    0) (   0,    0)
          (   0,    0) (   0,    0) (   0,    0) (   0,    0) (   0,    0) (   0,    0) (   0,    0) (   0,    0) (   0,    0) (   0,    0)
          (   0,    0) (   0,    0) (   0,    0) (   0,    0) (   0,    0) (   0,    0) (   0,    0) (   0,    0) (   0,    0) (   0,    0)
          (   0,    0) (   0,    0) (   0,    0) (   0,    0) (   0,    0) (   0,    0) (   0,    0) (   0,    0) (   0,    0) (   0,    0)
          (  18,    0) (  14,   14) (   0,   18) (   0,   20) (   0,   20) (   0,   20) (   0,   20) (   0,   20) (   0,   20) (   0,   20)
          (   0,   20) (   0,   20) (   0,   20) (   0,   20) (   0,   20) (   0,   20) (   0,   20) (   0,   20) (   0,   20) (   0,   20)
          (   0,   20) (   0,   20) (   0,   20) (   0,   20) (   0,   20) (   0,   20) (   0,   20) (   0,   20) (   0,   20) (   0,   20)
          (   0,   20) (   0,   20) (   0,   20) (   0,   20) (   0,   20) (   0,   20) (   0,   20) (   0,   20) (   0,   20) (   0,   20)
          (   0,   20) (   0,   20) (   0,   20) (   0,   20) (   0,   20) (   0,   20) (   0,   20) (   0,   20) (   0,   20) (   0,   20)
          (   0,   20) (   0,   20) (   0,   20) (   0,   20) (   0,   20) (   0,   20) (   0,   20) (   0,   20) (   0,   20) (   0,   20)
          (   0,   20) (   0,   20) (   0,   20) (   0,   20) (   0,   20) (   0,   20) (   0,   20) (   0,   20) (   0,   20) (   0,   20)
          (   0,   20) (   0,   20) (   0,   20) (   0,   20) (   0,   20) (   0,   20) (   0,   20) (   0,   20) (   0,   20) (   0,   20)
          (   0,   20) (   0,   20) (   0,   20) (   0,   20) (   0,   20) (   0,   20) (   0,   20) (   0,   20) (   0,   20) (   0,   20)
          (   0,   20) (   0,   20) (   0,   20) (   0,   20) (   0,   20) (   0,   20) (   0,   20) (   0,   20) (   0,   20) (   0,    0)
          (   0,   20) (   0,   20) (   0,   20) (   0,   20) (   0,   20) (   0,   20) (   0,   20) (   0,   20) (   0,   20) (   0,   20)
          (   0,   20) (   0,   20) (   0,   20) (   0,   20) (   0,   20) (   0,   20) (   0,   20) (   0,   20) (   0,   20) (   0,   20)
          (   0,   20) (   0,   20) (   0,   20) (   0,   20) (   0,   20) (   0,   20) (   0,   20) (   0,    0) (   0,    0) (   0,    0)
          (   0,    0) (   0,    0) (   0,    0) (   0,    0) (   0,    0) (   0,    0) (   0,    0) (   0,    0) (   0,    0) (   0,    0)
          (   0,    0) (   0,    0) (   0,    0) (   0,    0) (   0,    0) (   0,    0) (   0,    0) (   0,    0) (   2,    0) (   2,    0)
          (   2,    8) (   2,    0) (   2,    0) (   2,    0) (   2,    0) (   2,    0) (   2,    0) (   2,    0) (   2,    0) (   2,    0)
          (   2,    0) (   2,    0) (   2,    0) (   2,    0) (   2,    0) (   2,    0) (   2,    0) (   2,    0) (   2,    0) (   2,    0)
          (   2,    0) (   2,    0) (   2,    0) (   2,    0) (   2,    0) (   2,    0) (   3,    1) (   2,    0) (   2,    0) (   2,    0)
          (   2,    0) (   2,    0) (   2,    0) (   2,    0) (   2,    0) (   2,    0) (   4,    2) (   2,    0) (   2,    0) (   2,    0)
          (   2,    0) (   2,    0) (   2,    0) (   2,    0) (   2,    0) (   2,    0) (   2,    0) (   2,    0) (   2,    0) (   2,    0)
          (   2,    0) (   2,    0) (   2,    0) (   2,    0) (   2,    0) (   2,    0) (   2,    0) (   2,    0) (   2,    0) (   2,    0)
          (   2,    0) (   2,    0) (   2,    0) (   2,    0) (   2,    0) (   2,    0) (   2,    0) (   2,    0) (   2,    0) (   2,    0)
          (   2,    0) (   2,    0) (   2,    0) (   2,    0) (   2,    0) (   2,    0) (   2,    0) (   2,    0) (   2,    0) (   2,    0)
          (   2,    0) (   2,    0) (   2,    0) (   2,    0) (   2,    0) (   2,    0) (   2,    0) (   2,    0) (   2,    0) (   2,    0)
          (   2,    0) (   2,    0) (   2,    0) (   2,    0) (   2,    0) (   2,    0) (   2,    0) (   2,    0) (   2,    0) (   2,    0)
          (   2,    0) (   2,    0) (   2,    0) (   2,    0) (   2,    0) (   2,    0) (   2,    0) (   2,    0) (   2,    0) (   2,    0)
          (   2,    0) (   2,    0) (   2,    0) (   2,    0) (   2,    0) (   2,    0) (   2,    0) (   2,    0) (   2,    0) (   2,    0)
          (   2,    0) (   2,    0) (   2,    0) (   2,    0) (   2,    0) (   2,    0) (   2,    0) (   2,    0) (   2,    0) (   2,    0)
          (   2,    0) (   2,    0) (   2,    0) (   2,    0) (   2,    0) (   2,    0) (   2,    0) (   2,    0) (   2,    0) (   2,    0)
          (   2,    0) (   2,    0) (   2,    0) (   2,    0) (   2,    0) (   2,    0) (   2,    0) (   2,    0) (   2,    0) (   2,    0)
          (   2,    0) (   2,    0) (   2,    0) (   2,    0) (   2,    0) (   2,    0) (   2,    0) (   2,    0) (   2,    0) (   2,    0)
          (   2,    0) (   2,    0) (   2,    0) (   2,    0) (   2,    0) (   2,    0) (   2,    0) (   2,    0) (   2,    0) (   2,    0)
          (   2,    0) (   2,    0) (   2,    0) (   2,    0) (   2,    0) (   2,    0) (   2,    0) (   2,    0) (   2,    0) (   2,    0)
          (   2,    0) (   2,    0) (   2,    0) (   2,    0) (   2,    0) (   2,    0) (   2,    0) (   2,    0) (   2,    0) (   2,    0)
          (   2,    0) (   2,    0) (   2,    0) (   2,    0) (   2,    0) (   2,    0) (   2,    0) (   2,    0) (   2,    0) (   2,    0)
          (   2,    0) (   2,    0) (   2,    0) (   2,    0) (   2,    0) (   2,    0) (   2,    0) (   2,    0) (   2,    0) (   2,    0)
          (   2,    0) (   2,    0) (   2,    0) (   2,    0) (   2,    0) (   2,    0) (   2,    0) (   2,    0) (   2,    0) (   2,    0)
          (   2,    0) (   2,    0) (   2,    0) (   2,    0) (   2,    0) (   2,    0) (   2,    0) (   2,    0) (   2,    0) (   2,    0)
          (   2,    0) (   2,    0) (   2,    0) (   2,    0) (   2,    0) (   2,    0) (   2,    0) (   2,    0) (   2,    0) (   2,    0)
          (   2,    0) (   2,    0) (   2,    0) (   2,    0) (   2,    0) (   2,    0) (   2,    0) (   2,    0) (   2,    0) (   2,    0)
          (   2,    0) (   2,    0) (   2,    0) (   2,    0) (   2,    0) (   2,    0) (   2,    0) (   2,    0) (   2,    0) (   2,    0)
          (   2,    0) (   2,    0) (   2,    0) (   2,    0) (   2,    0) (   2,    0) (   2,    0) (   2,    0) (   2,    0) (   2,    0)
          (   2,    0) (   2,    0) (   2,    0) (   2,    0) (   2,    0) (   2,    0) (   2,    0) (   2,    0) (   2,    0) (   2,    0)
          (   2,    0) (   2,    0) (   2,    0) (   2,    0) (   2,    0) (   2,    0) (   2,    0) (   2,    0) (   2,    0) (   2,    0)
          (   2,    0) (   2,    0) (   2,    0) (   2,    0) (   2,    0) (   2,    0) (   2,    0) (   2,    0) (   2,    0) (   2,    0)
          (   2,    0) (   2,    0) (   2,    0) (   2,    0) (   2,    0) (   2,    0) (   2,    0) (   2,    0) (   2,    0) (   2,    0)
          (   2,    0) (   2,    0) (   2,    0) (   2,    0) (   2,    0) (   2,    0) (   2,    0) (   2,    0) (   2,    0) (   2,    0)
          (   2,    0) (   2,    0) (   2,    0) (   2,    0) (   2,    0) (   2,    0) (   2,    0) (   2,    0) (   2,    0) (   2,    0)
          (   2,    0) (   2,    0) (   2,    0) (   2,    0) (   2,    0) (   2,    0) (   2,    0) (   2,    0) (   2,    0) (   2,    0)
          (   2,    0) (   2,    0) (   2,    0) (   2,    0) (   2,    0) (   2,    0) (   2,    0) (   2,    0) (   2,    0) (   2,    0)
          (   2,    0) (   2,    0) (   2,    0) (   2,    0) (   2,    0) (   2,    0) (   2,    0) (   2,    0) (   2,    0) (   2,    0)
          (   2,    0) (   2,    0) (   2,    0) (   2,    0) (   2,    0) (   2,    0) (   2,    0) (   2,    0) (   2,    0) (   2,    0)
          (   2,    0) (   2,    0) (   2,    0) (   2,    0) (   2,    0) (   2,    0) (   2,    0) (   2,    0) (   2,    0) (   2,    0)
          (   2,    0) (   2,    0) (   2,    0) (   2,    0) (   2,    0) (   2,    0) (   2,    0) (   2,    0) (   2,    0) (   2,    0)
          (   2,    0) (   2,    0) (   2,    0) (   2,    0) (   2,    0) (   2,    0) (   2,    0) (   2,    0) (   2,    0) (   2,    0)
          (   2,    0) (   2,    0) (   2,    0) (   2,    0) (   2,    0) (   2,    0) (   2,    0) (   2,    0) (   2,    0) (   2,    0)
          (   2,    0) (   2,    0) (   2,    0) (   2,    0) (   2,    0) (   2,    0) (   2,    0) (   2,    0) (   2,    0) (   2,    0)
          (   2,    0) (   2,    0) (   2,    0) (   2,    0) (   2,    0) (   2,    0) (   2,    0) (   2,    0) (   2,    0) (   2,    0)
          (   2,    0) (   2,    0) (   2,    0) (   2,    0) (   2,    0) (   2,    0) (   2,    0) (   2,    0) (   2,    0) (   2,    0)
          (   2,    0) (   2,    0) (   2,    0) (   2,    0) (   2,    0) (   2,    0) (   2,    0) (   2,    0) (   2,    0) (   2,    0)
         
node   4 sent_total    939  recv_total   2503

node   5  (   0,    0) (   0,    0) (   0,    0) (   0,    0) (   0,    0) (   0,    0) (   0,    0) (   0,    0) (   0,    0) (   0,    0)
          (   0,    0) (   0,    0) (   0,    0) (   0,    0) (   0,    0) (   0,    0) (   0,    0) (   0,    0) (   0,    0) (   0,    0)
          (   0,    0) (   0,    0) (   0,    0) (   0,    0) (   0,    0) (   0,    0) (   0,    0) (   0,    0) (   0,    0) (   0,    0)
          (   0,    0) (   0,    0) (   0,    0) (   0,    0) (   0,    0) (   0,    0) (   0,    0) (   0,    0) (   0,    0) (   0,    0)
          (   0,    0) (   0,    0) (   0,    0) (   0,    0) (   0,    0) (   0,    0) (   0,    0) (   0,    0) (   0,    0) (   0,    0)
          (   0,    0) (   0,    0) (   0,    0) (   0,    0) (   0,    0) (   0,    0) (   0,    0) (   0,    0) (   0,    0) (   0,    0)
          (   0,    0) (   0,    0) (   0,    0) (   0,    0) (   0,    0) (   0,    0) (   0,    0) (   0,    0) (   0,    0) (   0,    0)
          (   0,    0) (   0,    0) (   0,    0) (   0,    0) (   0,    0) (   0,    0) (   0,    0) (   0,    0) (   0,    0) (   0,    0)
          (   0,    0) (   0,    0) (   0,    0) (   0,    0) (   0,    0) (   0,    0) (   0,    0) (   0,    0) (   0,    0) (   0,    0)
          (   0,    0) (   0,    0) (   0,    0) (   0,    0) (   0,    0) (   0,    0) (   0,    0) (   0,    0) (   0,    0) (   0,    0)
          (  39,    0) (  32,   32) (  10,   39) (  10,    0) (  10,    0) (  10,    0) (  10,    0) (  10,    0) (  10,    0) (  10,    0)
          (  10,    0) (  10,    0) (  10,    0) (  10,    0) (  10,    0) (  10,    0) (  10,    0) (  10,    0) (  10,    0) (  10,    0)
          (  10,    0) (  10,    0) (  10,    0) (  10,    0) (  10,    0) (  10,    0) (  10,    0) (  10,    0) (  10,    0) (  10,    0)
          (  10,    0) (  10,    0) (  10,    0) (  10,    0) (  10,    0) (  10,    0) (  10,    0) (  10,    0) (  10,    0) (  10,    0)
          (  10,    0) (  10,    0) (  10,    0) (  10,    0) (  10,    0) (  10,    0) (  10,    0) (  10,    0) (  10,    0) (  10,    0)
          (  10,    0) (  10,    0) (  10,    0) (  10,    0) (  10,    0) (  10,    0) (  10,    0) (  10,    0) (  10,    0) (  10,    0)
          (  10,    0) (  10,    0) (  10,    0) (  10,    0) (  10,    0) (  10,    0) (  10,    0) (  10,    0) (  10,    0) (  10,    0)
          (  10,    0) (  10,    0) (  10,    0) (  10,    0) (  10,    0) (  10,    0) (  10,    0) (  10,    0) (  10,    0) (  10,    0)
          (  10,    0) (  10,    0) (  10,    0) (  10,    0) (  10,    0) (  10,    0) (  10,    0) (  10,    0) (  10,    0) (  10,    0)
          (  10,    0) (  10,    0) (  10,    0) (  10,    0) (  10,    0) (  10,    0) (  10,    0) (  10,    0) (  10,    0) (  10,    3)
          (  10,    0) (  10,    0) (  10,    0) (  10,    0) (  10,    0) (  10,    0) (  10,    0) (  10,    0) (  10,    0) (  10,    0)
          (  10,    0) (  10,    0) (  10,    0) (  10,    0) (  10,    0) (  10,    0) (  10,    0) (  10,    0) (  10,    0) (  10,    0)
          (  10,    0) (  10,    0) (  10,    0) (  10,    0) (  10,    0) (  13,    0) (  10,    0) (  10,    1) (  10,    0) (  10,    0)
          (  10,    0) (  10,    0) (  10,    0) (  10,    0) (  10,    0) (  10,    0) (  10,    0) (  10,    0) (  10,    0) (  10,    0)
          (  10,    0) (  10,    0) (  10,    0) (  10,    0) (  10,    0) (  10,    0) (  10,    0) (  10,    0) (  10,    8) (  10,    0)
          (  10,   22) (  10,    0) (  10,    0) (  10,    0) (  10,    0) (  10,    0) (  10,    0) (  10,    0) (  10,    0) (  10,    0)
          (  10,    0) (  10,    0) (  10,    0) (  10,    0) (  10,    0) (  10,    0) (  10,    0) (  10,    0) (  10,    0) (  10,    0)
          (  10,    0) (  10,    0) (  10,    0) (  10,    0) (  10,    0) (  10,    0) (  11,    1) (  10,    0) (  10,    0) (  10,    0)
          (  10,    0) (  10,    0) (  10,    0) (  10,    0) (  10,    0) (  13,    0) (  12,    2) (  10,    2) (  10,    0) (  10,    0)
          (  10,    0) (  10,    0) (  10,    0) (  10,    0) (  10,    0) (  10,    0) (  10,    0) (  10,    0) (  10,    0) (  10,    0)
          (  10,    0) (  10,    0) (  10,    0) (  10,    0) (  10,    0) (  10,    0) (  10,    0) (   2,    0) (  10,    0) (  10,    0)
          (  10,    0) (  10,    0) (  10,    0) (  10,    0) (  10,    0) (  10,    0) (  10,    0) (  10,    0) (  10,    0) (  10,    0)
          (  10,    0) (  10,    0) (  10,    0) (  10,    0) (  10,    0) (  10,    0) (  10,    0) (  10,    0) (  10,    0) (  10,    0)
          (  10,    0) (  10,    0) (  10,    0) (  10,    0) (  10,    0) (  10,    0) (  10,    0) (  10,    0) (  10,    0) (  10,    0)
          (  10,    0) (  10,    0) (  10,    0) (  10,    0) (  10,    0) (  10,    0) (  10,    0) (  10,    0) (  10,    0) (  10,    0)
          (  10,    0) (  10,    0) (  10,    0) (  10,    0) (  10,    0) (  10,    0) (  10,    0) (  10,    0) (  10,    0) (  10,    0)
          (  10,    0) (  10,    0) (  10,    0) (  10,    0) (  10,    0) (  10,    0) (  10,    0) (  10,    0) (  10,    0) (  10,    0)
          (  10,    0) (  10,    0) (  10,    0) (  10,    0) (  10,    0) (  10,    0) (  10,    0) (  10,    0) (  10,    0) (  10,    0)
          (  10,    0) (  10,    0) (  10,    0) (  10,    0) (  10,    0) (  10,    0) (  10,    0) (  10,    0) (  10,    0) (  10,    0)
          (  10,    0) (  10,    0) (  10,    0) (  10,    0) (  10,    0) (  10,    0) (  10,    0) (  10,    0) (  10,    0) (  10,    0)
          (  10,    0) (  10,    0) (  10,    0) (  10,    0) (  10,    0) (  10,    0) (  10,    0) (  10,    0) (  10,    0) (  10,    0)
          (  10,    0) (  10,    0) (  10,    0) (  10,    0) (  10,    0) (  10,    0) (  10,    0) (  10,    0) (  10,    0) (  10,    0)
          (  10,    0) (  10,    0) (  10,    0) (  10,    0) (  10,    0) (  10,    0) (  10,    0) (  10,    0) (  10,    0) (  10,    0)
          (  10,    0) (  10,    0) (  10,    0) (  10,    0) (  10,    0) (  10,    0) (  10,    0) (  10,    0) (  10,    0) (  10,    0)
          (  10,    0) (  10,    0) (  10,    0) (  10,    0) (  10,    0) (  10,    0) (  10,    0) (  10,    0) (  10,    0) (  10,    0)
          (  10,    0) (  10,    0) (  10,    0) (  10,    0) (  10,    0) (  10,    0) (  10,    0) (  10,    0) (  10,    0) (  10,    0)
          (  10,    0) (  10,    0) (  10,    0) (  10,    0) (  10,    0) (  10,    0) (  10,    0) (  10,    0) (  10,    0) (  10,    0)
          (  10,    0) (  10,    0) (  10,    0) (  10,    0) (  10,    0) (  10,    0) (  10,    0) (  10,    0) (  10,    0) (  10,    0)
          (  10,    0) (  10,    0) (  10,    0) (  10,    0) (  10,    0) (  10,    0) (  10,    0) (  10,    0) (  10,    0) (  10,    0)
          (  10,    0) (  10,    0) (  10,    0) (  10,    0) (  10,    0) (  10,    0) (  10,    0) (  10,    0) (  10,    0) (  10,    0)
          (  10,    0) (  10,    0) (  10,    0) (  10,    0) (  10,    0) (  10,    0) (  10,    0) (  10,    0) (  10,    0) (  10,    0)
          (  10,    0) (  10,    0) (  10,    0) (  10,    0) (  10,    0) (  10,    0) (  10,    0) (  10,    0) (  10,    0) (  10,    0)
          (  10,    0) (  10,    0) (  10,    0) (  10,    0) (  10,    0) (  10,    0) (  10,    0) (  10,    0) (  10,    0) (  10,    0)
          (  10,    0) (  10,    0) (  10,    0) (  10,    0) (  10,    0) (  10,    0) (  10,    0) (  10,    0) (  10,    0) (  10,    0)
          (  10,    0) (  10,    0) (  10,    0) (  10,    0) (  10,    0) (  10,    0) (  10,    0) (  10,    0) (  10,    0) (  10,    0)
          (  10,    0) (  10,    0) (  10,    0) (  10,    0) (  10,    0) (  10,    0) (  10,    0) (  10,    0) (  10,    0) (  10,    0)
          (  10,    0) (  10,    0) (  10,    0) (  10,    0) (  10,    0) (  10,    0) (  10,    0) (  10,    0) (  10,    0) (  10,    0)
          (  10,    0) (  10,    0) (  10,    0) (  10,    0) (  10,    0) (  10,    0) (  10,    0) (  10,    0) (  10,    0) (  10,    0)
          (  10,    0) (  10,    0) (  10,    0) (  10,    0) (  10,    0) (  10,    0) (  10,    0) (  10,    0) (  10,    0) (  10,    0)
          (  10,    0) (  10,    0) (  10,    0) (  10,    0) (  10,    0) (  10,    0) (  10,    0) (  10,    0) (  10,    0) (  10,    0)
          (  10,    0) (  10,    0) (  10,    0) (  10,    0) (  10,    0) (  10,    0) (  10,    0) (  10,    0) (  10,    0) (  10,    0)
          (  10,    0) (  10,    0) (  10,    0) (  10,    0) (  10,    0) (  10,    0) (  10,    0) (  10,    0) (  10,    0) (  10,    0)
          (  10,    0) (  10,    0) (  10,    0) (  10,    0) (  10,    0) (  10,    0) (  10,    0) (  10,    0) (  10,    0) (  10,    0)
          (  10,    0) (  10,    0) (  10,    0) (  10,    0) (  10,    0) (  10,    0) (  10,    0) (  10,    0) (  10,    0) (  10,    0)
          (  10,    0) (  10,    0) (  10,    0) (  10,    0) (  10,    0) (  10,    0) (  10,    0) (  10,    0) (  10,    0) (  10,    0)
          (  10,    0) (  10,    0) (  10,    0) (  10,    0) (  10,    0) (  10,    0) (  10,    0) (  10,    0) (  10,    0) (  10,    0)
          (  10,    0) (  10,    0) (  10,    0) (  10,    0) (  10,    0) (  10,    0) (  10,    0) (  10,    0) (  10,    0) (  10,    0)
          (  10,    0) (  10,    0) (  10,    0) (  10,    0) (  10,    0) (  10,    0) (  10,    0) (  10,    0) (  10,    0) (  10,    0)
          (  10,    0) (  10,    0) (  10,    0) (  10,    0) (  10,    0) (  10,    0) (  10,    0) (  10,    0) (  10,    0) (  10,    0)
          (  10,    0) (  10,    0) (  10,    0) (  10,    0) (  10,    0) (  10,    0) (  10,    0) (  10,    0) (  10,    0) (  10,    0)
         
node   5 sent_total   6052  recv_total    110

node   6  (   0,    0) (   0,    0) (   0,    0) (   0,    0) (   0,    0) (   0,    0) (   0,    0) (   0,    0) (   0,    0) (   0,    0)
          (   0,    0) (   0,    0) (   0,    0) (   0,    0) (   0,    0) (   0,    0) (   0,    0) (   0,    0) (   0,    0) (   0,    0)
          (   0,    0) (   0,    0) (   0,    0) (   0,    0) (   0,    0) (   0,    0) (   0,    0) (   0,    0) (   0,    0) (   0,    0)
          (   0,    0) (   0,    0) (   0,    0) (   0,    0) (   0,    0) (   0,    0) (   0,    0) (   0,    0) (   0,    0) (   0,    0)
          (   0,    0) (   0,    0) (   0,    0) (   0,    0) (   0,    0) (   0,    0) (   0,    0) (   0,    0) (   0,    0) (   0,    0)
          (   0,    0) (   0,    0) (   0,    0) (   0,    0) (   0,    0) (   0,    0) (   0,    0) (   0,    0) (   0,    0) (   0,    0)
          (   0,    0) (   0,    0) (   0,    0) (   0,    0) (   0,    0) (   0,    0) (   0,    0) (   0,    0) (   0,    0) (   0,    0)
          (   0,    0) (   0,    0) (   0,    0) (   0,    0) (   0,    0) (   0,    0) (   0,    0) (   0,    0) (   0,    0) (   0,    0)
          (   0,    0) (   0,    0) (   0,    0) (   0,    0) (   0,    0) (   0,    0) (   0,    0) (   0,    0) (   0,    0) (   0,    0)
          (   0,    0) (   0,    0) (   0,    0) (   0,    0) (   0,    0) (   0,    0) (   0,    0) (   0,    0) (   0,    0) (   0,    0)
          (  33,    0) (  33,   33) (   0,   33) (   0,    0) (   0,    0) (   0,    0) (   0,    0) (   0,    0) (   0,    0) (   0,    0)
          (   0,    0) (   0,    0) (   0,    0) (   0,    0) (   0,    0) (   0,    0) (   0,    0) (   0,    0) (   0,    0) (   0,    0)
          (   0,    0) (   0,    0) (   0,    0) (   0,    0) (   0,    0) (   0,    0) (   0,    0) (   0,    0) (   0,    0) (   0,    0)
          (   0,    0) (   0,    0) (   0,    0) (   0,    0) (   0,    0) (   0,    0) (   0,    0) (   0,    0) (   0,    0) (   0,    0)
          (   0,    0) (   0,    0) (   0,    0) (   0,    0) (   0,    0) (   0,    0) (   0,    0) (   0,    0) (   0,    0) (   0,    0)
          (   0,    0) (   1,    1) (   0,    0) (   0,    0) (   0,    0) (   0,    0) (   0,    0) (   0,    0) (   0,    0) (   0,    0)
          (   0,    0) (   0,    0) (   0,    0) (   0,    0) (   0,    0) (   0,    0) (   0,    0) (   0,    0) (   0,    0) (   0,    0)
          (   0,    0) (   0,    0) (   0,    0) (   0,    0) (   0,    0) (   0,    0) (   1,    1) (   0,    0) (   0,    0) (   0,    0)
          (   0,    0) (   0,    0) (   0,    0) (   0,    0) (   0,    0) (   0,    0) (   0,    0) (   0,    0) (   0,    0) (   0,    0)
          (   0,    0) (   0,    0) (   0,    0) (   0,    0) (   0,    0) (   0,    0) (   0,    0) (   0,    0) (   3,    0) (   0,    0)
          (   0,    0) (   0,    0) (   0,    0) (   0,    0) (   0,    0) (   0,    0) (   0,    0) (   0,    0) (   0,    0) (   0,    0)
          (   0,    0) (   0,    0) (   0,    0) (   0,    0) (   0,    0) (   0,    0) (   0,    0) (   0,    0) (   0,    0) (   0,    0)
          (   0,    0) (   0,    0) (   0,    0) (   0,    0) (   0,    0) (   0,    0) (   0,    0) (   0,    0) (   0,    0) (   0,    0)
          (   0,    0) (   0,    0) (   0,    0) (   0,    0) (   0,    0) (   0,    0) (   0,    0) (   0,    0) (   0,    0) (   0,    0)
          (   0,    0) (   0,    0) (   0,    0) (   0,    0) (   0,    0) (   0,    0) (   0,    0) (   0,    0) (   0,    0) (   0,    0)
          (   0,    0) (   0,    0) (   0,    0) (   0,    0) (   0,    0) (   0,    0) (   0,    0) (   0,    0) (   0,    0) (   0,    0)
          (   0,    0) (   0,    0) (   0,    0) (   0,    0) (   0,    0) (   0,    0) (   0,    0) (   0,    0) (   0,    0) (   0,    0)
          (   0,    0) (   0,    0) (   0,    0) (   0,    0) (   0,    0) (   0,    0) (   0,    0) (   0,    0) (   0,    0) (   0,    0)
          (   0,    0) (   0,    0) (   0,    0) (   0,    0) (   0,    0) (   0,    0) (   0,    0) (   0,    0) (   0,    0) (   0,    0)
          (   0,    0) (   0,    0) (   0,    0) (   0,    0) (   0,    0) (   0,    0) (   0,    0) (   0,    0) (   0,    0) (   0,    0)
          (   0,    0) (   0,    0) (   0,    0) (   0,    0) (   0,    0) (   0,    0) (   0,    0) (   0,    0) (   0,    0) (   0,    0)
          (   0,    0) (   0,    0) (   0,    0) (   0,    0) (   0,    0) (   0,    0) (   0,    0) (   0,    0) (   0,    0) (   0,    0)
          (   0,    0) (   0,    0) (   0,    0) (   0,    0) (   0,    0) (   0,    0) (   0,    0) (   0,    0) (   0,    0) (   0,    0)
          (   0,    0) (   0,    0) (   0,    0) (   0,    0) (   0,    0) (   0,    0) (   0,    0) (   0,    0) (   0,    0) (   0,    0)
          (   0,    0) (   0,    0) (   0,    0) (   0,    0) (   0,    0) (   0,    0) (   0,    0) (   0,    0) (   0,    0) (   0,    0)
          (   0,    0) (   0,    0) (   0,    0) (   0,    0) (   0,    0) (   0,    0) (   0,    0) (   0,    0) (   0,    0) (   0,    0)
          (   0,    0) (   0,    0) (   0,    0) (   0,    0) (   0,    0) (   0,    0) (   0,    0) (   0,    0) (   0,    0) (   0,    0)
          (   0,    0) (   0,    0) (   0,    0) (   0,    0) (   0,    0) (   0,    0) (   0,    0) (   0,    0) (   0,    0) (   0,    0)
          (   0,    0) (   0,    0) (   0,    0) (   0,    0) (   0,    0) (   0,    0) (   0,    0) (   0,    0) (   0,    0) (   0,    0)
          (   0,    0) (   0,    0) (   0,    0) (   0,    0) (   0,    0) (   0,    0) (   0,    0) (   0,    0) (   0,    0) (   0,    0)
          (   0,    0) (   0,    0) (   0,    0) (   0,    0) (   0,    0) (   0,    0) (   0,    0) (   0,    0) (   0,    0) (   0,    0)
          (   0,    0) (   0,    0) (   0,    0) (   0,    0) (   0,    0) (   0,    0) (   0,    0) (   0,    0) (   0,    0) (   0,    0)
          (   0,    0) (   0,    0) (   0,    0) (   0,    0) (   0,    0) (   0,    0) (   0,    0) (   0,    0) (   0,    0) (   0,    0)
          (   0,    0) (   0,    0) (   0,    0) (   0,    0) (   0,    0) (   0,    0) (   0,    0) (   0,    0) (   0,    0) (   0,    0)
          (   0,    0) (   0,    0) (   0,    0) (   0,    0) (   0,    0) (   0,    0) (   0,    0) (   0,    0) (   0,    0) (   0,    0)
          (   0,    0) (   0,    0) (   0,    0) (   0,    0) (   0,    0) (   0,    0) (   0,    0) (   0,    0) (   0,    0) (   0,    0)
          (   0,    0) (   0,    0) (   0,    0) (   0,    0) (   0,    0) (   0,    0) (   0,    0) (   0,    0) (   0,    0) (   0,    0)
          (   0,    0) (   0,    0) (   0,    0) (   0,    0) (   0,    0) (   0,    0) (   0,    0) (   0,    0) (   0,    0) (   0,    0)
          (   0,    0) (   0,    0) (   0,    0) (   0,    0) (   0,    0) (   0,    0) (   0,    0) (   0,    0) (   0,    0) (   0,    0)
          (   0,    0) (   0,    0) (   0,    0) (   0,    0) (   0,    0) (   0,    0) (   0,    0) (   0,    0) (   0,    0) (   0,    0)
          (   0,    0) (   0,    0) (   0,    0) (   0,    0) (   0,    0) (   0,    0) (   0,    0) (   0,    0) (   0,    0) (   0,    0)
          (   0,    0) (   0,    0) (   0,    0) (   0,    0) (   0,    0) (   0,    0) (   0,    0) (   0,    0) (   0,    0) (   0,    0)
          (   0,    0) (   0,    0) (   0,    0) (   0,    0) (   0,    0) (   0,    0) (   0,    0) (   0,    0) (   0,    0) (   0,    0)
          (   0,    0) (   0,    0) (   0,    0) (   0,    0) (   0,    0) (   0,    0) (   0,    0) (   0,    0) (   0,    0) (   0,    0)
          (   0,    0) (   0,    0) (   0,    0) (   0,    0) (   0,    0) (   0,    0) (   0,    0) (   0,    0) (   0,    0) (   0,    0)
          (   0,    0) (   0,    0) (   0,    0) (   0,    0) (   0,    0) (   0,    0) (   0,    0) (   0,    0) (   0,    0) (   0,    0)
          (   0,    0) (   0,    0) (   0,    0) (   0,    0) (   0,    0) (   0,    0) (   0,    0) (   0,    0) (   0,    0) (   0,    0)
          (   0,    0) (   0,    0) (   0,    0) (   0,    0) (   0,    0) (   0,    0) (   0,    0) (   0,    0) (   0,    0) (   0,    0)
          (   0,    0) (   0,    0) (   0,    0) (   0,    0) (   0,    0) (   0,    0) (   0,    0) (   0,    0) (   0,    0) (   0,    0)
          (   0,    0) (   0,    0) (   0,    0) (   0,    0) (   0,    0) (   0,    0) (   0,    0) (   0,    0) (   0,    0) (   0,    0)
          (   0,    0) (   0,    0) (   0,    0) (   0,    0) (   0,    0) (   0,    0) (   0,    0) (   0,    0) (   0,    0) (   0,    0)
          (   0,    0) (   0,    0) (   0,    0) (   0,    0) (   0,    0) (   0,    0) (   0,    0) (   0,    0) (   0,    0) (   0,    0)
          (   0,    0) (   0,    0) (   0,    0) (   0,    0) (   0,    0) (   0,    0) (   0,    0) (   0,    0) (   0,    0) (   0,    0)
          (   0,    0) (   0,    0) (   0,    0) (   0,    0) (   0,    0) (   0,    0) (   0,    0) (   0,    0) (   0,    0) (   0,    0)
          (   0,    0) (   0,    0) (   0,    0) (   0,    0) (   0,    0) (   0,    0) (   0,    0) (   0,    0) (   0,    0) (   0,    0)
          (   0,    0) (   0,    0) (   0,    0) (   0,    0) (   0,    0) (   0,    0) (   0,    0) (   0,    0) (   0,    0) (   0,    0)
          (   0,    0) (   0,    0) (   0,    0) (   0,    0) (   0,    0) (   0,    0) (   0,    0) (   0,    0) (   0,    0) (   0,    0)
          (   0,    0) (   0,    0) (   0,    0) (   0,    0) (   0,    0) (   0,    0) (   0,    0) (   0,    0) (   0,    0) (   0,    0)
          (   0,    0) (   0,    0) (   0,    0) (   0,    0) (   0,    0) (   0,    0) (   0,    0) (   0,    0) (   0,    0) (   0,    0)
          (   0,    0) (   0,    0) (   0,    0) (   0,    0) (   0,    0) (   0,    0) (   0,    0) (   0,    0) (   0,    0) (   0,    0)
         
node   6 sent_total     71  recv_total     68

node   7  (   0,    0) (   0,    0) (   0,    0) (   0,    0) (   0,    0) (   0,    0) (   0,    0) (   0,    0) (   0,    0) (   0,    0)
          (   0,    0) (   0,    0) (   0,    0) (   0,    0) (   0,    0) (   0,    0) (   0,    0) (   0,    0) (   0,    0) (   0,    0)
          (   0,    0) (   0,    0) (   0,    0) (   0,    0) (   0,    0) (   0,    0) (   0,    0) (   0,    0) (   0,    0) (   0,    0)
          (   0,    0) (   0,    0) (   0,    0) (   0,    0) (   0,    0) (   0,    0) (   0,    0) (   0,    0) (   0,    0) (   0,    0)
          (   0,    0) (   0,    0) (   0,    0) (   0,    0) (   0,    0) (   0,    0) (   0,    0) (   0,    0) (   0,    0) (   0,    0)
          (   0,    0) (   0,    0) (   0,    0) (   0,    0) (   0,    0) (   0,    0) (   0,    0) (   0,    0) (   0,    0) (   0,    0)
          (   0,    0) (   0,    0) (   0,    0) (   0,    0) (   0,    0) (   0,    0) (   0,    0) (   0,    0) (   0,    0) (   0,    0)
          (   0,    0) (   0,    0) (   0,    0) (   0,    0) (   0,    0) (   0,    0) (   0,    0) (   0,    0) (   0,    0) (   0,    0)
          (   0,    0) (   0,    0) (   0,    0) (   0,    0) (   0,    0) (   0,    0) (   0,    0) (   0,    0) (   0,    0) (   0,    0)
          (   0,    0) (   0,    0) (   0,    0) (   0,    0) (   0,    0) (   0,    0) (   0,    0) (   0,    0) (   0,    0) (   0,    0)
          (  33,    0) (  33,   33) (  20,   33) (  20,    0) (  20,    0) (  20,    0) (  20,    0) (  20,    0) (  20,    0) (  20,    0)
          (  20,    0) (  20,    0) (  20,    0) (  20,    0) (  20,    0) (  20,    0) (  20,    0) (  20,    0) (  20,    0) (  20,    0)
          (  20,    0) (  20,    0) (  20,    0) (  20,    0) (  20,    0) (  20,    0) (  20,    0) (  20,    0) (  20,    0) (  20,    0)
          (  20,    0) (  20,    0) (  20,    0) (  20,    0) (  20,    0) (  20,    0) (  20,    0) (  20,    0) (  20,    0) (  20,    0)
          (  20,    0) (  20,    0) (  20,    0) (  20,    0) (  20,    0) (  20,    0) (  20,    0) (  20,    0) (  20,    0) (  20,    0)
          (  20,    0) (  20,    0) (  20,    0) (  20,    0) (  20,    0) (  20,    0) (  20,    0) (  20,    0) (  20,    0) (  20,    0)
          (  20,    0) (  20,    0) (  20,    0) (  20,    0) (  20,    0) (  20,    0) (  20,    0) (  20,    0) (  20,    0) (  20,    0)
          (  20,    0) (  20,    0) (  20,    0) (  20,    0) (  20,    0) (  23,    0) (  20,    0) (  20,    2) (  20,    0) (  20,    0)
          (  20,    0) (  20,    0) (  20,    0) (  20,    0) (  20,    0) (  20,    0) (  20,    0) (  20,    0) (  20,    0) (  20,    0)
          (  20,    0) (  20,    0) (  20,    0) (  20,    0) (  20,    0) (  20,    0) (  20,    0) (  20,    8) (   0,    0) (  20,    0)
          (  20,    0) (  20,    0) (  20,    0) (  20,    0) (  20,    0) (  20,    0) (  20,    0) (  20,    0) (  20,    0) (  20,    0)
          (  20,    0) (  20,    0) (  20,    0) (  20,    0) (  20,    0) (  20,    0) (  20,    0) (  20,    0) (  20,    0) (  20,    0)
          (  20,    0) (  20,    0) (  20,    0) (  20,    0) (  20,    0) (  20,    0) (   0,    0) (   0,    0) (   0,    0) (   0,    0)
          (   0,    0) (   0,    0) (   0,    0) (   0,    0) (   0,    0) (   0,    0) (   0,    0) (   0,    0) (   0,    0) (   0,    0)
          (   0,    0) (   0,    0) (   0,    0) (   0,    0) (   0,    0) (   0,    0) (   0,    0) (   0,    0) (   0,    0) (   0,    0)
          (   0,    0) (   0,    0) (   0,    0) (   0,    0) (   0,    0) (   0,    0) (   0,    0) (   0,    0) (   0,    0) (   0,    0)
          (   0,    0) (   0,    0) (   0,    0) (   0,    0) (   0,    0) (   0,    0) (   0,    0) (   0,    0) (   0,    0) (   0,    0)
          (   0,    0) (   0,    0) (   0,    0) (   0,    0) (   0,    0) (   0,    0) (   0,    0) (   0,    0) (   0,    0) (   0,    0)
          (   0,    0) (   0,    0) (   0,    0) (   0,    0) (   0,    0) (   0,    0) (   0,    0) (   0,    0) (   0,    0) (   0,    0)
          (   0,    0) (   0,    0) (   0,    0) (   0,    0) (   0,    0) (   0,    0) (   0,    0) (   0,    0) (   0,    0) (   0,    0)
          (   0,    0) (   0,    0) (   0,    0) (   0,    0) (   0,    0) (   0,    0) (   0,    0) (   0,    0) (   0,    0) (   0,    0)
          (   0,    0) (   0,    0) (   0,    0) (   0,    0) (   0,    0) (   0,    0) (   0,    0) (   0,    0) (   0,    0) (   0,    0)
          (   0,    0) (   0,    0) (   0,    0) (   0,    0) (   0,    0) (   0,    0) (   0,    0) (   0,    0) (   0,    0) (   0,    0)
          (   0,    0) (   0,    0) (   0,    0) (   0,    0) (   0,    0) (   0,    0) (   0,    0) (   0,    0) (   0,    0) (   0,    0)
          (   0,    0) (   0,    0) (   0,    0) (   0,    0) (   0,    0) (   0,    0) (   0,    0) (   0,    0) (   0,    0) (   0,    0)
          (   0,    0) (   0,    0) (   0,    0) (   0,    0) (   0,    0) (   0,    0) (   0,    0) (   0,    0) (   0,    0) (   0,    0)
          (   0,    0) (   0,    0) (   0,    0) (   0,    0) (   0,    0) (   0,    0) (   0,    0) (   0,    0) (   0,    0) (   0,    0)
          (   0,    0) (   0,    0) (   0,    0) (   0,    0) (   0,    0) (   0,    0) (   0,    0) (   0,    0) (   0,    0) (   0,    0)
          (   0,    0) (   0,    0) (   0,    0) (   0,    0) (   0,    0) (   0,    0) (   0,    0) (   0,    0) (   0,    0) (   0,    0)
          (   0,    0) (   0,    0) (   0,    0) (   0,    0) (   0,    0) (   0,    0) (   0,    0) (   0,    0) (   0,    0) (   0,    0)
          (   0,    0) (   0,    0) (   0,    0) (   0,    0) (   0,    0) (   0,    0) (   0,    0) (   0,    0) (   0,    0) (   0,    0)
          (   0,    0) (   0,    0) (   0,    0) (   0,    0) (   0,    0) (   0,    0) (   0,    0) (   0,    0) (   0,    0) (   0,    0)
          (   0,    0) (   0,    0) (   0,    0) (   0,    0) (   0,    0) (   0,    0) (   0,    0) (   0,    0) (   0,    0) (   0,    0)
          (   0,    0) (   0,    0) (   0,    0) (   0,    0) (   0,    0) (   0,    0) (   0,    0) (   0,    0) (   0,    0) (   0,    0)
          (   0,    0) (   0,    0) (   0,    0) (   0,    0) (   0,    0) (   0,    0) (   0,    0) (   0,    0) (   0,    0) (   0,    0)
          (   0,    0) (   0,    0) (   0,    0) (   0,    0) (   0,    0) (   0,    0) (   0,    0) (   0,    0) (   0,    0) (   0,    0)
          (   0,    0) (   0,    0) (   0,    0) (   0,    0) (   0,    0) (   0,    0) (   0,    0) (   0,    0) (   0,    0) (   0,    0)
          (   0,    0) (   0,    0) (   0,    0) (   0,    0) (   0,    0) (   0,    0) (   0,    0) (   0,    0) (   0,    0) (   0,    0)
          (   0,    0) (   0,    0) (   0,    0) (   0,    0) (   0,    0) (   0,    0) (   0,    0) (   0,    0) (   0,    0) (   0,    0)
          (   0,    0) (   0,    0) (   0,    0) (   0,    0) (   0,    0) (   0,    0) (   0,    0) (   0,    0) (   0,    0) (   0,    0)
          (   0,    0) (   0,    0) (   0,    0) (   0,    0) (   0,    0) (   0,    0) (   0,    0) (   0,    0) (   0,    0) (   0,    0)
          (   0,    0) (   0,    0) (   0,    0) (   0,    0) (   0,    0) (   0,    0) (   0,    0) (   0,    0) (   0,    0) (   0,    0)
          (   0,    0) (   0,    0) (   0,    0) (   0,    0) (   0,    0) (   0,    0) (   0,    0) (   0,    0) (   0,    0) (   0,    0)
          (   0,    0) (   0,    0) (   0,    0) (   0,    0) (   0,    0) (   0,    0) (   0,    0) (   0,    0) (   0,    0) (   0,    0)
          (   0,    0) (   0,    0) (   0,    0) (   0,    0) (   0,    0) (   0,    0) (   0,    0) (   0,    0) (   0,    0) (   0,    0)
          (   0,    0) (   0,    0) (   0,    0) (   0,    0) (   0,    0) (   0,    0) (   0,    0) (   0,    0) (   0,    0) (   0,    0)
          (   0,    0) (   0,    0) (   0,    0) (   0,    0) (   0,    0) (   0,    0) (   0,    0) (   0,    0) (   0,    0) (   0,    0)
          (   0,    0) (   0,    0) (   0,    0) (   0,    0) (   0,    0) (   0,    0) (   0,    0) (   0,    0) (   0,    0) (   0,    0)
          (   0,    0) (   0,    0) (   0,    0) (   0,    0) (   0,    0) (   0,    0) (   0,    0) (   0,    0) (   0,    0) (   0,    0)
          (   0,    0) (   0,    0) (   0,    0) (   0,    0) (   0,    0) (   0,    0) (   0,    0) (   0,    0) (   0,    0) (   0,    0)
          (   0,    0) (   0,    0) (   0,    0) (   0,    0) (   0,    0) (   0,    0) (   0,    0) (   0,    0) (   0,    0) (   0,    0)
          (   0,    0) (   0,    0) (   0,    0) (   0,    0) (   0,    0) (   0,    0) (   0,    0) (   0,    0) (   0,    0) (   0,    0)
          (   0,    0) (   0,    0) (   0,    0) (   0,    0) (   0,    0) (   0,    0) (   0,    0) (   0,    0) (   0,    0) (   0,    0)
          (   0,    0) (   0,    0) (   0,    0) (   0,    0) (   0,    0) (   0,    0) (   0,    0) (   0,    0) (   0,    0) (   0,    0)
          (   0,    0) (   0,    0) (   0,    0) (   0,    0) (   0,    0) (   0,    0) (   0,    0) (   0,    0) (   0,    0) (   0,    0)
          (   0,    0) (   0,    0) (   0,    0) (   0,    0) (   0,    0) (   0,    0) (   0,    0) (   0,    0) (   0,    0) (   0,    0)
          (   0,    0) (   0,    0) (   0,    0) (   0,    0) (   0,    0) (   0,    0) (   0,    0) (   0,    0) (   0,    0) (   0,    0)
          (   0,    0) (   0,    0) (   0,    0) (   0,    0) (   0,    0) (   0,    0) (   0,    0) (   0,    0) (   0,    0) (   0,    0)
          (   0,    0) (   0,    0) (   0,    0) (   0,    0) (   0,    0) (   0,    0) (   0,    0) (   0,    0) (   0,    0) (   0,    0)
          (   0,    0) (   0,    0) (   0,    0) (   0,    0) (   0,    0) (   0,    0) (   0,    0) (   0,    0) (   0,    0) (   0,    0)
         
node   7 sent_total   2529  recv_total     76

node   8  (   0,    0) (   0,    0) (   0,    0) (   0,    0) (   0,    0) (   0,    0) (   0,    0) (   0,    0) (   0,    0) (   0,    0)
          (   0,    0) (   0,    0) (   0,    0) (   0,    0) (   0,    0) (   0,    0) (   0,    0) (   0,    0) (   0,    0) (   0,    0)
          (   0,    0) (   0,    0) (   0,    0) (   0,    0) (   0,    0) (   0,    0) (   0,    0) (   0,    0) (   0,    0) (   0,    0)
          (   0,    0) (   0,    0) (   0,    0) (   0,    0) (   0,    0) (   0,    0) (   0,    0) (   0,    0) (   0,    0) (   0,    0)
          (   0,    0) (   0,    0) (   0,    0) (   0,    0) (   0,    0) (   0,    0) (   0,    0) (   0,    0) (   0,    0) (   0,    0)
          (   0,    0) (   0,    0) (   0,    0) (   0,    0) (   0,    0) (   0,    0) (   0,    0) (   0,    0) (   0,    0) (   0,    0)
          (   0,    0) (   0,    0) (   0,    0) (   0,    0) (   0,    0) (   0,    0) (   0,    0) (   0,    0) (   0,    0) (   0,    0)
          (   0,    0) (   0,    0) (   0,    0) (   0,    0) (   0,    0) (   0,    0) (   0,    0) (   0,    0) (   0,    0) (   0,    0)
          (   0,    0) (   0,    0) (   0,    0) (   0,    0) (   0,    0) (   0,    0) (   0,    0) (   0,    0) (   0,    0) (   0,    0)
          (   0,    0) (   0,    0) (   0,    0) (   0,    0) (   0,    0) (   0,    0) (   0,    0) (   0,    0) (   0,    0) (   0,    0)
          (  27,    0) (  33,   33) (   0,   27) (   0,    0) (   0,    0) (   0,    0) (   0,    0) (   0,    0) (   0,    0) (   0,    0)
          (   0,    0) (   0,    0) (   0,    0) (   0,    0) (   0,    0) (   0,    0) (   0,    0) (   0,    0) (   0,    0) (   0,    0)
          (   0,    0) (   0,    0) (   0,    0) (   0,    0) (   0,    0) (   0,    0) (   0,    0) (   0,    0) (   0,    0) (   0,    0)
          (   0,    0) (   0,    0) (   0,    0) (   0,    0) (   0,    0) (   0,    0) (   0,    0) (   0,    0) (   0,    0) (   0,    0)
          (   0,    0) (   0,    0) (   0,    0) (   0,    0) (   0,    0) (   0,    0) (   0,    0) (   0,    0) (   0,    0) (   0,    0)
          (   0,    0) (   0,    0) (   0,    0) (   0,    0) (   0,    0) (   0,    0) (   0,    0) (   0,    0) (   0,    0) (   0,    0)
          (   0,    0) (   0,    0) (   0,    0) (   0,    0) (   0,    0) (   0,    0) (   0,    0) (   0,    0) (   0,    0) (   0,    0)
          (   0,    0) (   0,    0) (   0,    0) (   0,    0) (   0,    0) (   0,    0) (   0,    0) (   0,    0) (   0,    0) (   0,    0)
          (   0,    0) (   0,    0) (   0,    0) (   0,    0) (   0,    0) (   0,    0) (   0,    0) (   0,    0) (   0,    0) (   0,    0)
          (   0,    0) (   0,    0) (   0,    0) (   0,    0) (   0,    0) (   0,    0) (   0,    0) (   0,    0) (   0,    0) (   0,    0)
          (   0,    0) (   0,    0) (   0,    0) (   0,    0) (   0,    0) (   0,    0) (   0,    0) (   0,    0) (   0,    0) (   0,    0)
          (   0,    0) (   0,    0) (   0,    0) (   0,    0) (   0,    0) (   0,    0) (   0,    0) (   0,    0) (   0,    0) (   0,    0)
          (   0,    0) (   0,    0) (   0,    0) (   0,    0) (   0,    0) (   0,    0) (   0,    0) (   0,    0) (   0,    0) (   0,    0)
          (   0,    0) (   0,    0) (   0,    0) (   0,    0) (   0,    0) (   0,    0) (   0,    0) (   0,    0) (   0,    0) (   0,    0)
          (   0,    0) (   0,    0) (   0,    0) (   0,    0) (   0,    0) (   0,    0) (   0,    0) (   0,    0) (   0,    0) (   0,    0)
          (   0,    0) (   0,    0) (   0,    0) (   0,    0) (   0,    0) (   0,    0) (   0,    0) (   0,    0) (   0,    0) (   0,    0)
          (   0,    0) (   0,    0) (   0,    0) (   0,    0) (   0,    0) (   0,    0) (   0,    0) (   0,    0) (   0,    0) (   0,    0)
          (   0,    0) (   0,    0) (   0,    0) (   0,    0) (   0,    0) (   3,    0) (   0,    0) (   0,    3) (   0,    0) (   0,    0)
          (   0,    0) (   0,    0) (   0,    0) (   0,    0) (   0,    0) (   0,    0) (   0,    0) (   0,    0) (   0,    0) (   0,    0)
          (   0,    0) (   0,    0) (   0,    0) (   0,    0) (   0,    0) (   0,    0) (   0,    0) (   0,    0) (   0,    0) (   0,    0)
          (   0,    0) (   0,    0) (   0,    0) (   0,    0) (   0,    0) (   0,    0) (   0,    0) (   0,    0) (   0,    2) (   9,    2)
          (   0,    2) (   0,    2) (   0,    2) (   0,    2) (   0,    2) (   0,    2) (   0,    2) (   0,    2) (   0,    2) (   0,    2)
          (   0,    2) (   0,    2) (   0,    2) (   0,    2) (   0,    2) (   0,    2) (   0,    2) (   0,    2) (   0,    2) (   0,    2)
          (   0,    2) (   0,    2) (   0,    2) (   0,    2) (   0,    2) (   0,    2) (   0,    2) (   0,    2) (   0,    2) (   0,    2)
          (   0,    2) (   0,    2) (   0,    2) (   0,    2) (   0,    2) (   0,    2) (   0,    2) (   0,    2) (   0,    2) (   0,    2)
          (   0,    2) (   0,    2) (   0,    2) (   0,    2) (   0,    2) (   0,    2) (   0,    2) (   0,    2) (   0,    2) (   0,    2)
          (   0,    2) (   0,    2) (   0,    2) (   0,    2) (   0,    2) (   0,    2) (   0,    2) (   0,    2) (   0,    2) (   0,    2)
          (   0,    2) (   0,    2) (   0,    2) (   0,    2) (   0,    2) (   0,    2) (   0,    2) (   0,    2) (   0,    2) (   0,    2)
          (   0,    2) (   0,    2) (   0,    2) (   0,    2) (   0,    2) (   0,    2) (   0,    2) (   0,    2) (   0,    2) (   0,    2)
          (   0,    2) (   0,    2) (   0,    2) (   0,    2) (   0,    2) (   0,    2) (   0,    2) (   0,    2) (   0,    2) (   0,    2)
          (   0,    2) (   0,    2) (   0,    2) (   0,    2) (   0,    2) (   0,    2) (   0,    2) (   0,    2) (   0,    2) (   0,    2)
          (   0,    2) (   0,    2) (   0,    2) (   0,    2) (   0,    2) (   0,    2) (   0,    2) (   0,    2) (   0,    2) (   0,    2)
          (   0,    2) (   0,    2) (   0,    2) (   0,    2) (   0,    2) (   0,    2) (   0,    2) (   0,    2) (   0,    2) (   0,    2)
          (   0,    2) (   0,    2) (   0,    2) (   0,    2) (   0,    2) (   0,    2) (   0,    2) (   0,    2) (   0,    2) (   0,    2)
          (   0,    2) (   0,    2) (   0,    2) (   0,    2) (   0,    2) (   0,    2) (   0,    2) (   0,    2) (   0,    2) (   0,    2)
          (   0,    2) (   0,    2) (   0,    2) (   0,    2) (   0,    2) (   0,    2) (   0,    2) (   0,    2) (   0,    2) (   0,    2)
          (   0,    2) (   0,    2) (   0,    2) (   0,    2) (   0,    2) (   0,    2) (   0,    2) (   0,    2) (   0,    2) (   0,    2)
          (   0,    2) (   0,    2) (   0,    2) (   0,    2) (   0,    2) (   0,    2) (   0,    2) (   0,    2) (   0,    2) (   0,    2)
          (   0,    2) (   0,    2) (   0,    2) (   0,    2) (   0,    2) (   0,    2) (   0,    2) (   0,    2) (   0,    2) (   0,    2)
          (   0,    2) (   0,    2) (   0,    2) (   0,    2) (   0,    2) (   0,    2) (   0,    2) (   0,    2) (   0,    2) (   0,    2)
          (   0,    2) (   0,    2) (   0,    2) (   0,    2) (   0,    2) (   0,    2) (   0,    2) (   0,    2) (   0,    2) (   0,    2)
          (   0,    2) (   0,    2) (   0,    2) (   0,    2) (   0,    2) (   0,    2) (   0,    2) (   0,    2) (   0,    2) (   0,    2)
          (   0,    2) (   0,    2) (   0,    2) (   0,    2) (   0,    2) (   0,    2) (   0,    2) (   0,    2) (   0,    2) (   0,    2)
          (   0,    2) (   0,    2) (   0,    2) (   0,    2) (   0,    2) (   0,    2) (   0,    2) (   0,    2) (   0,    2) (   0,    2)
          (   0,    2) (   0,    2) (   0,    2) (   0,    2) (   0,    2) (   0,    2) (   0,    2) (   0,    2) (   0,    2) (   0,    2)
          (   0,    2) (   0,    2) (   0,    2) (   0,    2) (   0,    2) (   0,    2) (   0,    2) (   0,    2) (   0,    2) (   0,    2)
          (   0,    2) (   0,    2) (   0,    2) (   0,    2) (   0,    2) (   0,    2) (   0,    2) (   0,    2) (   0,    2) (   0,    2)
          (   0,    2) (   0,    2) (   0,    2) (   0,    2) (   0,    2) (   0,    2) (   0,    2) (   0,    2) (   0,    2) (   0,    2)
          (   0,    2) (   0,    2) (   0,    2) (   0,    2) (   0,    2) (   0,    2) (   0,    2) (   0,    2) (   0,    2) (   0,    2)
          (   0,    2) (   0,    2) (   0,    2) (   0,    2) (   0,    2) (   0,    2) (   0,    2) (   0,    2) (   0,    2) (   0,    2)
          (   0,    2) (   0,    2) (   0,    2) (   0,    2) (   0,    2) (   0,    2) (   0,    2) (   0,    2) (   0,    2) (   0,    2)
          (   0,    2) (   0,    2) (   0,    2) (   0,    2) (   0,    2) (   0,    2) (   0,    2) (   0,    2) (   0,    2) (   0,    2)
          (   0,    2) (   0,    2) (   0,    2) (   0,    2) (   0,    2) (   0,    2) (   0,    2) (   0,    2) (   0,    2) (   0,    2)
          (   0,    2) (   0,    2) (   0,    2) (   0,    2) (   0,    2) (   0,    2) (   0,    2) (   0,    2) (   0,    2) (   0,    2)
          (   0,    2) (   0,    2) (   0,    2) (   0,    2) (   0,    2) (   0,    2) (   0,    2) (   0,    2) (   0,    2) (   0,    2)
          (   0,    2) (   0,    2) (   0,    2) (   0,    2) (   0,    2) (   0,    2) (   0,    2) (   0,    2) (   0,    2) (   0,    2)
          (   0,    2) (   0,    2) (   0,    2) (   0,    2) (   0,    2) (   0,    2) (   0,    2) (   0,    2) (   0,    2) (   0,    2)
          (   0,    2) (   0,    2) (   0,    2) (   0,    2) (   0,    2) (   0,    2) (   0,    2) (   0,    2) (   0,    2) (   0,    2)
          (   0,    2) (   0,    2) (   0,    2) (   0,    2) (   0,    2) (   0,    2) (   0,    2) (   0,    2) (   0,    2) (   0,    2)
          (   0,    2) (   0,    2) (   0,    2) (   0,    2) (   0,    2) (   0,    2) (   0,    2) (   0,    2) (   0,    2) (   0,    2)
         
node   8 sent_total     72  recv_total    847

node   9  (   0,    0) (   0,    0) (   0,    0) (   0,    0) (   0,    0) (   0,    0) (   0,    0) (   0,    0) (   0,    0) (   0,    0)
          (   0,    0) (   0,    0) (   0,    0) (   0,    0) (   0,    0) (   0,    0) (   0,    0) (   0,    0) (   0,    0) (   0,    0)
          (   0,    0) (   0,    0) (   0,    0) (   0,    0) (   0,    0) (   0,    0) (   0,    0) (   0,    0) (   0,    0) (   0,    0)
          (   0,    0) (   0,    0) (   0,    0) (   0,    0) (   0,    0) (   0,    0) (   0,    0) (   0,    0) (   0,    0) (   0,    0)
          (   0,    0) (   0,    0) (   0,    0) (   0,    0) (   0,    0) (   0,    0) (   0,    0) (   0,    0) (   0,    0) (   0,    0)
          (   0,    0) (   0,    0) (   0,    0) (   0,    0) (   0,    0) (   0,    0) (   0,    0) (   0,    0) (   0,    0) (   0,    0)
          (   0,    0) (   0,    0) (   0,    0) (   0,    0) (   0,    0) (   0,    0) (   0,    0) (   0,    0) (   0,    0) (   0,    0)
          (   0,    0) (   0,    0) (   0,    0) (   0,    0) (   0,    0) (   0,    0) (   0,    0) (   0,    0) (   0,    0) (   0,    0)
          (   0,    0) (   0,    0) (   0,    0) (   0,    0) (   0,    0) (   0,    0) (   0,    0) (   0,    0) (   0,    0) (   0,    0)
          (   0,    0) (   0,    0) (   0,    0) (   0,    0) (   0,    0) (   0,    0) (   0,    0) (   0,    0) (   0,    0) (   0,    0)
          (  42,    0) (  32,   32) (   0,   42) (   0,    0) (   0,    0) (   0,    0) (   0,    0) (   0,    0) (   0,    0) (   0,    0)
          (   0,    0) (   0,    0) (   0,    0) (   0,    0) (   0,    0) (   0,    0) (   0,    0) (   0,    0) (   0,    0) (   0,    0)
          (   0,    0) (   0,    0) (   0,    0) (   0,    0) (   0,    0) (   0,    0) (   0,    0) (   0,    0) (   0,    0) (   0,    0)
          (   0,    0) (   0,    0) (   0,    0) (   0,    0) (   0,    0) (   0,    0) (   0,    0) (   0,    0) (   0,    0) (   0,    0)
          (   0,    0) (   0,    0) (   0,    0) (   0,    0) (   0,    0) (   0,    0) (   0,    0) (   0,    0) (   0,    0) (   0,    0)
          (   0,    0) (   0,    0) (   0,    0) (   0,    0) (   0,    0) (   0,    0) (   0,    0) (   0,    0) (   0,    0) (   0,    0)
          (   0,    0) (   0,    0) (   0,    0) (   0,    0) (   0,    0) (   0,    0) (   0,    0) (   0,    0) (   0,    0) (   0,    0)
          (   0,    0) (   0,    0) (   0,    0) (   0,    0) (   0,    0) (   0,    0) (   0,    0) (   0,    0) (   0,    0) (   0,    0)
          (   0,    0) (   0,    0) (   0,    0) (   0,    0) (   0,    0) (   0,    0) (   0,    0) (   0,    0) (   0,    0) (   0,    0)
          (   0,    0) (   0,    0) (   0,    0) (   0,    0) (   0,    0) (   0,    0) (   0,    0) (   0,    0) (   0,    0) (   0,    0)
          (   0,    0) (   0,    0) (   0,    0) (   0,    0) (   0,    0) (   0,    0) (   0,    0) (   0,    0) (   0,    0) (   0,    0)
          (   0,    0) (   0,    0) (   0,    0) (   0,    0) (   0,    0) (   0,    0) (   0,    0) (   0,    0) (   0,    0) (   0,    0)
          (   0,    0) (   0,    0) (   0,    0) (   0,    0) (   0,    0) (   0,    0) (   0,    0) (   0,    0) (   0,    0) (   0,    0)
          (   0,    0) (   0,    0) (   0,    0) (   0,    0) (   0,    0) (   0,    0) (   0,    0) (   0,    0) (   0,    0) (   0,    0)
          (   0,    0) (   0,    0) (   0,    0) (   0,    0) (   0,    0) (   0,    0) (   0,    0) (   0,    0) (   0,    2) (   0,    2)
          (   0,    2) (   0,    2) (   0,    2) (   0,    2) (   0,    2) (   0,    2) (   0,    2) (   0,    2) (   0,    2) (   0,    2)
          (   0,    2) (   0,    2) (   0,    2) (   0,    2) (   0,    2) (   0,    2) (   0,    2) (   0,    2) (   0,    2) (   0,    2)
          (   0,    2) (   0,    2) (   0,    2) (   0,    2) (   0,    2) (   0,    2) (   0,    2) (   0,    2) (   0,    2) (   0,    2)
          (   0,    2) (   0,    2) (   0,    2) (   0,    2) (   0,    2) (   3,    2) (   0,    2) (   0,    5) (   0,    2) (   0,    2)
          (   0,    2) (   0,    2) (   0,    2) (   0,    2) (   0,    2) (   0,    2) (   0,    2) (   0,    2) (   0,    2) (   0,    2)
          (   0,    2) (   0,    2) (   0,    2) (   0,    2) (   0,    2) (   0,    2) (   0,    2) (  21,    4) (   0,   10) (   0,   10)
          (   0,   10) (   0,   10) (   0,   10) (   0,   10) (   0,   10) (   0,   10) (   0,   10) (   0,   10) (   0,   10) (   0,   10)
          (   0,   10) (   0,   10) (   0,   10) (   0,   10) (   0,   10) (   0,   10) (   0,   10) (   0,   10) (   0,   10) (   0,   10)
          (   0,   10) (   0,   10) (   0,   10) (   0,   10) (   0,   10) (   0,   10) (   0,   10) (   0,   10) (   0,   10) (   0,   10)
          (   0,   10) (   0,   10) (   0,   10) (   0,   10) (   0,   10) (   0,   10) (   0,   10) (   0,   10) (   0,   10) (   0,   10)
          (   0,   10) (   0,   10) (   0,   10) (   0,   10) (   0,   10) (   0,   10) (   0,   10) (   0,   10) (   0,   10) (   0,   10)
          (   0,   10) (   0,   10) (   0,   10) (   0,   10) (   0,   10) (   0,   10) (   0,   10) (   0,   10) (   0,   10) (   0,   10)
          (   0,   10) (   0,   10) (   0,   10) (   0,   10) (   0,   10) (   0,   10) (   0,   10) (   0,   10) (   0,   10) (   0,   10)
          (   0,   10) (   0,   10) (   0,   10) (   0,   10) (   0,   10) (   0,   10) (   0,   10) (   0,   10) (   0,   10) (   0,   10)
          (   0,   10) (   0,   10) (   0,   10) (   0,   10) (   0,   10) (   0,   10) (   0,   10) (   0,   10) (   0,   10) (   0,   10)
          (   0,   10) (   0,   10) (   0,   10) (   0,   10) (   0,   10) (   0,   10) (   0,   10) (   0,   10) (   0,   10) (   0,   10)
          (   0,   10) (   0,   10) (   0,   10) (   0,   10) (   0,   10) (   0,   10) (   0,   10) (   0,   10) (   0,   10) (   0,   10)
          (   0,   10) (   0,   10) (   0,   10) (   0,   10) (   0,   10) (   0,   10) (   0,   10) (   0,   10) (   0,   10) (   0,   10)
          (   0,   10) (   0,   10) (   0,   10) (   0,   10) (   0,   10) (   0,   10) (   0,   10) (   0,   10) (   0,   10) (   0,   10)
          (   0,   10) (   0,   10) (   0,   10) (   0,   10) (   0,   10) (   0,   10) (   0,   10) (   0,   10) (   0,   10) (   0,   10)
          (   0,   10) (   0,   10) (   0,   10) (   0,   10) (   0,   10) (   0,   10) (   0,   10) (   0,   10) (   0,   10) (   0,   10)
          (   0,   10) (   0,   10) (   0,   10) (   0,   10) (   0,   10) (   0,   10) (   0,   10) (   0,   10) (   0,   10) (   0,   10)
          (   0,   10) (   0,   10) (   0,   10) (   0,   10) (   0,   10) (   0,   10) (   0,   10) (   0,   10) (   0,   10) (   0,   10)
          (   0,   10) (   0,   10) (   0,   10) (   0,   10) (   0,   10) (   0,   10) (   0,   10) (   0,   10) (   0,   10) (   0,   10)
          (   0,   10) (   0,   10) (   0,   10) (   0,   10) (   0,   10) (   0,   10) (   0,   10) (   0,   10) (   0,   10) (   0,   10)
          (   0,   10) (   0,   10) (   0,   10) (   0,   10) (   0,   10) (   0,   10) (   0,   10) (   0,   10) (   0,   10) (   0,   10)
          (   0,   10) (   0,   10) (   0,   10) (   0,   10) (   0,   10) (   0,   10) (   0,   10) (   0,   10) (   0,   10) (   0,   10)
          (   0,   10) (   0,   10) (   0,   10) (   0,   10) (   0,   10) (   0,   10) (   0,   10) (   0,   10) (   0,   10) (   0,   10)
          (   0,   10) (   0,   10) (   0,   10) (   0,   10) (   0,   10) (   0,   10) (   0,   10) (   0,   10) (   0,   10) (   0,   10)
          (   0,   10) (   0,   10) (   0,   10) (   0,   10) (   0,   10) (   0,   10) (   0,   10) (   0,   10) (   0,   10) (   0,   10)
          (   0,   10) (   0,   10) (   0,   10) (   0,   10) (   0,   10) (   0,   10) (   0,   10) (   0,   10) (   0,   10) (   0,   10)
          (   0,   10) (   0,   10) (   0,   10) (   0,   10) (   0,   10) (   0,   10) (   0,   10) (   0,   10) (   0,   10) (   0,   10)
          (   0,   10) (   0,   10) (   0,   10) (   0,   10) (   0,   10) (   0,   10) (   0,   10) (   0,   10) (   0,   10) (   0,   10)
          (   0,   10) (   0,   10) (   0,   10) (   0,   10) (   0,   10) (   0,   10) (   0,   10) (   0,   10) (   0,   10) (   0,   10)
          (   0,   10) (   0,   10) (   0,   10) (   0,   10) (   0,   10) (   0,   10) (   0,   10) (   0,   10) (   0,   10) (   0,   10)
          (   0,   10) (   0,   10) (   0,   10) (   0,   10) (   0,   10) (   0,   10) (   0,   10) (   0,   10) (   0,   10) (   0,   10)
          (   0,   10) (   0,   10) (   0,   10) (   0,   10) (   0,   10) (   0,   10) (   0,   10) (   0,   10) (   0,   10) (   0,   10)
          (   0,   10) (   0,   10) (   0,   10) (   0,   10) (   0,   10) (   0,   10) (   0,   10) (   0,   10) (   0,   10) (   0,   10)
          (   0,   10) (   0,   10) (   0,   10) (   0,   10) (   0,   10) (   0,   10) (   0,   10) (   0,   10) (   0,   10) (   0,   10)
          (   0,   10) (   0,   10) (   0,   10) (   0,   10) (   0,   10) (   0,   10) (   0,   10) (   0,   10) (   0,   10) (   0,   10)
          (   0,   10) (   0,   10) (   0,   10) (   0,   10) (   0,   10) (   0,   10) (   0,   10) (   0,   10) (   0,   10) (   0,   10)
          (   0,   10) (   0,   10) (   0,   10) (   0,   10) (   0,   10) (   0,   10) (   0,   10) (   0,   10) (   0,   10) (   0,   10)
          (   0,   10) (   0,   10) (   0,   10) (   0,   10) (   0,   10) (   0,   10) (   0,   10) (   0,   10) (   0,   10) (   0,   10)
          (   0,   10) (   0,   10) (   0,   10) (   0,   10) (   0,   10) (   0,   10) (   0,   10) (   0,   10) (   0,   10) (   0,   10)
          (   0,   10) (   0,   10) (   0,   10) (   0,   10) (   0,   10) (   0,   10) (   0,   10) (   0,   10) (   0,   10) (   0,   10)
         
node   9 sent_total     98  recv_total   4119

node  10  (   0,    0) (   0,    0) (   0,    0) (   0,    0) (   0,    0) (   0,    0) (   0,    0) (   0,    0) (   0,    0) (   0,    0)
          (   0,    0) (   0,    0) (   0,    0) (   0,    0) (   0,    0) (   0,    0) (   0,    0) (   0,    0) (   0,    0) (   0,    0)
          (   0,    0) (   0,    0) (   0,    0) (   0,    0) (   0,    0) (   0,    0) (   0,    0) (   0,    0) (   0,    0) (   0,    0)
          (   0,    0) (   0,    0) (   0,    0) (   0,    0) (   0,    0) (   0,    0) (   0,    0) (   0,    0) (   0,    0) (   0,    0)
          (   0,    0) (   0,    0) (   0,    0) (   0,    0) (   0,    0) (   0,    0) (   0,    0) (   0,    0) (   0,    0) (   0,    0)
          (   0,    0) (   0,    0) (   0,    0) (   0,    0) (   0,    0) (   0,    0) (   0,    0) (   0,    0) (   0,    0) (   0,    0)
          (   0,    0) (   0,    0) (   0,    0) (   0,    0) (   0,    0) (   0,    0) (   0,    0) (   0,    0) (   0,    0) (   0,    0)
          (   0,    0) (   0,    0) (   0,    0) (   0,    0) (   0,    0) (   0,    0) (   0,    0) (   0,    0) (   0,    0) (   0,    0)
          (   0,    0) (   0,    0) (   0,    0) (   0,    0) (   0,    0) (   0,    0) (   0,    0) (   0,    0) (   0,    0) (   0,    0)
          (   0,    0) (   0,    0) (   0,    0) (   0,    0) (   0,    0) (   0,    0) (   0,    0) (   0,    0) (   0,    0) (   0,    0)
          (  30,    0) (  34,   34) (   0,   30) (   0,    0) (   0,    0) (   0,    0) (   0,    0) (   0,    0) (   0,    0) (   0,    0)
          (   0,    0) (   0,    0) (   0,    0) (   0,    0) (   0,    0) (   0,    0) (   0,    0) (   0,    0) (   0,    0) (   0,    0)
          (   0,    0) (   0,    0) (   0,    0) (   0,    0) (   0,    0) (   0,    0) (   0,    0) (   0,    0) (   0,    0) (   0,    0)
          (   0,    0) (   0,    0) (   0,    0) (   0,    0) (   0,    0) (   0,    0) (   0,    0) (   0,    0) (   0,    0) (   0,    0)
          (   0,    0) (   0,    0) (   0,    0) (   0,    0) (   0,    0) (   0,    0) (   0,    0) (   0,    0) (   0,    0) (   0,    0)
          (   3,    0) (   0,    0) (   0,    3) (   0,    0) (   0,    0) (   0,    0) (   0,    0) (   0,    0) (   0,    0) (   0,    0)
          (   0,    0) (   0,    0) (   0,    0) (   0,    0) (   0,    0) (   0,    0) (   0,    0) (   0,    0) (   0,    0) (   0,    0)
          (   0,    0) (   0,    0) (   0,    0) (   0,    0) (   0,    0) (   0,    0) (   0,    0) (   0,    0) (   0,    0) (   0,    0)
          (   0,    0) (   0,    0) (   0,    0) (   0,    0) (   0,    0) (   0,    0) (   0,    0) (   0,    0) (   0,    0) (   0,    0)
          (   0,    0) (   0,    0) (   0,    0) (   0,    0) (   0,    0) (   0,    0) (   0,    0) (   0,    0) (   0,    0) (   0,    0)
          (   0,    0) (   0,    0) (   0,    0) (   0,    0) (   0,    0) (   0,    0) (   0,    0) (   0,    0) (   0,    0) (   0,    0)
          (   0,    0) (   0,    0) (   0,    0) (   0,    0) (   0,    0) (   0,    0) (   0,    0) (   0,    0) (   0,    0) (   0,    0)
          (   0,    0) (   0,    0) (   0,    0) (   0,    0) (   0,    0) (   0,    0) (   0,    0) (   0,    0) (   0,    0) (   0,    0)
          (   0,    0) (   0,    0) (   0,    0) (   0,    0) (   0,    0) (   0,    0) (   0,    0) (   0,    0) (   0,    0) (   0,    0)
          (   0,    0) (   0,    0) (   0,    0) (   0,    0) (   0,    0) (   0,    0) (   0,    0) (   0,    0) (   0,    0) (  22,    0)
          (   0,    0) (   0,    0) (   0,    0) (   0,    0) (   0,    0) (   0,    0) (   0,    0) (   0,    0) (   0,    0) (   0,    0)
          (   0,    0) (   0,    0) (   0,    0) (   0,    0) (   0,    0) (   0,    0) (   0,    0) (   0,    0) (   0,    0) (   0,    0)
          (   0,    0) (   0,    0) (   0,    0) (   0,    0) (   0,    0) (   0,    0) (   0,    0) (   0,    0) (   0,    0) (   0,    0)
          (   0,    0) (   0,    0) (   0,    0) (   0,    0) (   0,    0) (   0,    0) (   0,    0) (   0,    0) (   0,    0) (   0,    0)
          (   0,    0) (   0,    0) (   0,    0) (   0,    0) (   0,    0) (   0,    0) (   0,    0) (   0,    0) (   0,    0) (   0,    0)
          (   0,    0) (   0,    0) (   0,    0) (   0,    0) (   0,    0) (   0,    0) (   0,    0) (   0,   21) (   0,    0) (   0,    0)
          (   0,    0) (   0,    0) (   0,    0) (   0,    0) (   0,    0) (   0,    0) (   0,    0) (   0,    0) (   0,    0) (   0,    0)
          (   0,    0) (   0,    0) (   0,    0) (   0,    0) (   0,    0) (   0,    0) (   0,    0) (   0,    0) (   0,    0) (   0,    0)
          (   0,    0) (   0,    0) (   0,    0) (   0,    0) (   0,    0) (   0,    0) (   0,    0) (   0,    0) (   0,    0) (   0,    0)
          (   0,    0) (   0,    0) (   0,    0) (   0,    0) (   0,    0) (   0,    0) (   0,    0) (   0,    0) (   0,    0) (   0,    0)
          (   0,    0) (   0,    0) (   0,    0) (   0,    0) (   0,    0) (   0,    0) (   0,    0) (   0,    0) (   0,    0) (   0,    0)
          (   0,    0) (   0,    0) (   0,    0) (   0,    0) (   0,    0) (   0,    0) (   0,    0) (   0,    0) (   0,    0) (   0,    0)
          (   0,    0) (   0,    0) (   0,    0) (   0,    0) (   0,    0) (   0,    0) (   0,    0) (   0,    0) (   0,    0) (   0,    0)
          (   0,    0) (   0,    0) (   0,    0) (   0,    0) (   0,    0) (   0,    0) (   0,    0) (   0,    0) (   0,    0) (   0,    0)
          (   0,    0) (   0,    0) (   0,    0) (   0,    0) (   0,    0) (   0,    0) (   0,    0) (   0,    0) (   0,    0) (   0,    0)
          (   0,    0) (   0,    0) (   0,    0) (   0,    0) (   0,    0) (   0,    0) (   0,    0) (   0,    0) (   0,    0) (   0,    0)
          (   0,    0) (   0,    0) (   0,    0) (   0,    0) (   0,    0) (   0,    0) (   0,    0) (   0,    0) (   0,    0) (   0,    0)
          (   0,    0) (   0,    0) (   0,    0) (   0,    0) (   0,    0) (   0,    0) (   0,    0) (   0,    0) (   0,    0) (   0,    0)
          (   0,    0) (   0,    0) (   0,    0) (   0,    0) (   0,    0) (   0,    0) (   0,    0) (   0,    0) (   0,    0) (   0,    0)
          (   0,    0) (   0,    0) (   0,    0) (   0,    0) (   0,    0) (   0,    0) (   0,    0) (   0,    0) (   0,    0) (   0,    0)
          (   0,    0) (   0,    0) (   0,    0) (   0,    0) (   0,    0) (   0,    0) (   0,    0) (   0,    0) (   0,    0) (   0,    0)
          (   0,    0) (   0,    0) (   0,    0) (   0,    0) (   0,    0) (   0,    0) (   0,    0) (   0,    0) (   0,    0) (   0,    0)
          (   0,    0) (   0,    0) (   0,    0) (   0,    0) (   0,    0) (   0,    0) (   0,    0) (   0,    0) (   0,    0) (   0,    0)
          (   0,    0) (   0,    0) (   0,    0) (   0,    0) (   0,    0) (   0,    0) (   0,    0) (   0,    0) (   0,    0) (   0,    0)
          (   0,    0) (   0,    0) (   0,    0) (   0,    0) (   0,    0) (   0,    0) (   0,    0) (   0,    0) (   0,    0) (   0,    0)
          (   0,    0) (   0,    0) (   0,    0) (   0,    0) (   0,    0) (   0,    0) (   0,    0) (   0,    0) (   0,    0) (   0,    0)
          (   0,    0) (   0,    0) (   0,    0) (   0,    0) (   0,    0) (   0,    0) (   0,    0) (   0,    0) (   0,    0) (   0,    0)
          (   0,    0) (   0,    0) (   0,    0) (   0,    0) (   0,    0) (   0,    0) (   0,    0) (   0,    0) (   0,    0) (   0,    0)
          (   0,    0) (   0,    0) (   0,    0) (   0,    0) (   0,    0) (   0,    0) (   0,    0) (   0,    0) (   0,    0) (   0,    0)
          (   0,    0) (   0,    0) (   0,    0) (   0,    0) (   0,    0) (   0,    0) (   0,    0) (   0,    0) (   0,    0) (   0,    0)
          (   0,    0) (   0,    0) (   0,    0) (   0,    0) (   0,    0) (   0,    0) (   0,    0) (   0,    0) (   0,    0) (   0,    0)
          (   0,    0) (   0,    0) (   0,    0) (   0,    0) (   0,    0) (   0,    0) (   0,    0) (   0,    0) (   0,    0) (   0,    0)
          (   0,    0) (   0,    0) (   0,    0) (   0,    0) (   0,    0) (   0,    0) (   0,    0) (   0,    0) (   0,    0) (   0,    0)
          (   0,    0) (   0,    0) (   0,    0) (   0,    0) (   0,    0) (   0,    0) (   0,    0) (   0,    0) (   0,    0) (   0,    0)
          (   0,    0) (   0,    0) (   0,    0) (   0,    0) (   0,    0) (   0,    0) (   0,    0) (   0,    0) (   0,    0) (   0,    0)
          (   0,    0) (   0,    0) (   0,    0) (   0,    0) (   0,    0) (   0,    0) (   0,    0) (   0,    0) (   0,    0) (   0,    0)
          (   0,    0) (   0,    0) (   0,    0) (   0,    0) (   0,    0) (   0,    0) (   0,    0) (   0,    0) (   0,    0) (   0,    0)
          (   0,    0) (   0,    0) (   0,    0) (   0,    0) (   0,    0) (   0,    0) (   0,    0) (   0,    0) (   0,    0) (   0,    0)
          (   0,    0) (   0,    0) (   0,    0) (   0,    0) (   0,    0) (   0,    0) (   0,    0) (   0,    0) (   0,    0) (   0,    0)
          (   0,    0) (   0,    0) (   0,    0) (   0,    0) (   0,    0) (   0,    0) (   0,    0) (   0,    0) (   0,    0) (   0,    0)
          (   0,    0) (   0,    0) (   0,    0) (   0,    0) (   0,    0) (   0,    0) (   0,    0) (   0,    0) (   0,    0) (   0,    0)
          (   0,    0) (   0,    0) (   0,    0) (   0,    0) (   0,    0) (   0,    0) (   0,    0) (   0,    0) (   0,    0) (   0,    0)
          (   0,    0) (   0,    0) (   0,    0) (   0,    0) (   0,    0) (   0,    0) (   0,    0) (   0,    0) (   0,    0) (   0,    0)
          (   0,    0) (   0,    0) (   0,    0) (   0,    0) (   0,    0) (   0,    0) (   0,    0) (   0,    0) (   0,    0) (   0,    0)
          (   0,    0) (   0,    0) (   0,    0) (   0,    0) (   0,    0) (   0,    0) (   0,    0) (   0,    0) (   0,    0) (   0,    0)
         
node  10 sent_total     89  recv_total     88

